========== Generating Parquet dataset ==========
  Pod: convert-to-parquet-py-246bf59f0f986a85-driver
26/06/28 18:58:01 WARN NativeCodeLoader: Unable to load native-hadoop library for your platform... using builtin-java classes where applicable
26/06/28 18:58:03 INFO SparkContext: Running Spark version 3.5.8
26/06/28 18:58:03 INFO SparkContext: OS info Linux, 6.1.0-48-amd64, amd64
26/06/28 18:58:03 INFO SparkContext: Java version 11.0.29
26/06/28 18:58:03 INFO ResourceUtils: ==============================================================
26/06/28 18:58:03 INFO ResourceUtils: No custom resources configured for spark.driver.
26/06/28 18:58:03 INFO ResourceUtils: ==============================================================
26/06/28 18:58:03 INFO SparkContext: Submitted application: LA Crime CSV to Parquet
26/06/28 18:58:03 INFO ResourceProfile: Default ResourceProfile created, executor resources: Map(cores -> name: cores, amount: 1, script: , vendor: , memory -> name: memory, amount: 2048, script: , vendor: , offHeap -> name: offHeap, amount: 0, script: , vendor: ), task resources: Map(cpus -> name: cpus, amount: 1.0)
26/06/28 18:58:03 INFO ResourceProfile: Limiting resource is cpus at 1 tasks per executor
26/06/28 18:58:03 INFO ResourceProfileManager: Added ResourceProfile id: 0
26/06/28 18:58:03 INFO SecurityManager: Changing view acls to: spark,anastasioskanellos
26/06/28 18:58:03 INFO SecurityManager: Changing modify acls to: spark,anastasioskanellos
26/06/28 18:58:03 INFO SecurityManager: Changing view acls groups to: 
26/06/28 18:58:03 INFO SecurityManager: Changing modify acls groups to: 
26/06/28 18:58:03 INFO SecurityManager: SecurityManager: authentication disabled; ui acls disabled; users with view permissions: spark, anastasioskanellos; groups with view permissions: EMPTY; users with modify permissions: spark, anastasioskanellos; groups with modify permissions: EMPTY
26/06/28 18:58:03 INFO Utils: Successfully started service 'sparkDriver' on port 7078.
26/06/28 18:58:03 INFO SparkEnv: Registering MapOutputTracker
26/06/28 18:58:03 INFO SparkEnv: Registering BlockManagerMaster
26/06/28 18:58:03 INFO BlockManagerMasterEndpoint: Using org.apache.spark.storage.DefaultTopologyMapper for getting topology information
26/06/28 18:58:03 INFO BlockManagerMasterEndpoint: BlockManagerMasterEndpoint up
26/06/28 18:58:03 INFO SparkEnv: Registering BlockManagerMasterHeartbeat
26/06/28 18:58:03 INFO DiskBlockManager: Created local directory at /var/data/spark-34b1859a-597b-4b8e-a437-9670fbe7a6f0/blockmgr-5b084e0c-e340-4a5b-a97d-7c8cf83578b2
26/06/28 18:58:04 INFO MemoryStore: MemoryStore started with capacity 413.9 MiB
26/06/28 18:58:04 INFO SparkEnv: Registering OutputCommitCoordinator
26/06/28 18:58:04 INFO JettyUtils: Start Jetty 0.0.0.0:4040 for SparkUI
26/06/28 18:58:04 INFO Utils: Successfully started service 'SparkUI' on port 4040.
26/06/28 18:58:04 INFO SparkKubernetesClientFactory: Auto-configuring K8S client using current context from users K8S config file
26/06/28 18:58:06 INFO ExecutorPodsAllocator: Going to request 2 executors from Kubernetes for ResourceProfile Id: 0, target: 2, known: 0, sharedSlotFromPendingPods: 2147483647.
26/06/28 18:58:06 INFO ExecutorPodsAllocator: Found 0 reusable PVCs from 0 PVCs
26/06/28 18:58:06 INFO BasicExecutorFeatureStep: Decommissioning not enabled, skipping shutdown script
26/06/28 18:58:06 INFO BasicExecutorFeatureStep: Decommissioning not enabled, skipping shutdown script
26/06/28 18:58:06 INFO Utils: Successfully started service 'org.apache.spark.network.netty.NettyBlockTransferService' on port 7079.
26/06/28 18:58:06 INFO NettyBlockTransferService: Server created on convert-to-parquet-py-246bf59f0f986a85-driver-svc.anastasioskanellos-priv.svc 10.233.126.82:7079
26/06/28 18:58:06 INFO BlockManager: Using org.apache.spark.storage.RandomBlockReplicationPolicy for block replication policy
26/06/28 18:58:06 INFO BlockManagerMaster: Registering BlockManager BlockManagerId(driver, convert-to-parquet-py-246bf59f0f986a85-driver-svc.anastasioskanellos-priv.svc, 7079, None)
26/06/28 18:58:06 INFO BlockManagerMasterEndpoint: Registering block manager convert-to-parquet-py-246bf59f0f986a85-driver-svc.anastasioskanellos-priv.svc:7079 with 413.9 MiB RAM, BlockManagerId(driver, convert-to-parquet-py-246bf59f0f986a85-driver-svc.anastasioskanellos-priv.svc, 7079, None)
26/06/28 18:58:06 INFO BlockManagerMaster: Registered BlockManager BlockManagerId(driver, convert-to-parquet-py-246bf59f0f986a85-driver-svc.anastasioskanellos-priv.svc, 7079, None)
26/06/28 18:58:06 INFO BlockManager: Initialized BlockManager: BlockManagerId(driver, convert-to-parquet-py-246bf59f0f986a85-driver-svc.anastasioskanellos-priv.svc, 7079, None)
26/06/28 18:58:07 INFO SingleEventLogFileWriter: Logging events to hdfs://hdfs-namenode.default.svc.cluster.local:9000/user/anastasioskanellos/logs/spark-4ac0a089890c4d559a3d990b7ff1a18e.inprogress
26/06/28 18:58:11 INFO KubernetesClusterSchedulerBackend$KubernetesDriverEndpoint: No executor found for 10.233.98.161:52806
26/06/28 18:58:11 INFO KubernetesClusterSchedulerBackend$KubernetesDriverEndpoint: No executor found for 10.233.101.154:48888
26/06/28 18:58:12 INFO KubernetesClusterSchedulerBackend$KubernetesDriverEndpoint: Registered executor NettyRpcEndpointRef(spark-client://Executor) (10.233.98.161:52820) with ID 2,  ResourceProfileId 0
26/06/28 18:58:12 INFO KubernetesClusterSchedulerBackend$KubernetesDriverEndpoint: Registered executor NettyRpcEndpointRef(spark-client://Executor) (10.233.101.154:48890) with ID 1,  ResourceProfileId 0
26/06/28 18:58:12 INFO KubernetesClusterSchedulerBackend: SchedulerBackend is ready for scheduling beginning after reached minRegisteredResourcesRatio: 0.8
26/06/28 18:58:12 INFO BlockManagerMasterEndpoint: Registering block manager 10.233.98.161:38447 with 1048.8 MiB RAM, BlockManagerId(2, 10.233.98.161, 38447, None)
26/06/28 18:58:12 INFO BlockManagerMasterEndpoint: Registering block manager 10.233.101.154:38561 with 1048.8 MiB RAM, BlockManagerId(1, 10.233.101.154, 38561, None)
Done. Total rows written: 3138128
Parquet file available at path: hdfs://hdfs-namenode.default.svc.cluster.local:9000/user/anastasioskanellos/LA_Crime_Data.parquet
  Parquet dataset ready.
