
========== DataFrame ==========
--- Run 1/3 ---
  Pod: dfq2-py-bad99b9f0fb2dc9e-driver
26/06/28 19:26:54 WARN NativeCodeLoader: Unable to load native-hadoop library for your platform... using builtin-java classes where applicable
26/06/28 19:26:56 INFO SparkContext: Running Spark version 3.5.8
26/06/28 19:26:56 INFO SparkContext: OS info Linux, 6.1.0-47-amd64, amd64
26/06/28 19:26:56 INFO SparkContext: Java version 11.0.29
26/06/28 19:26:56 INFO ResourceUtils: ==============================================================
26/06/28 19:26:56 INFO ResourceUtils: No custom resources configured for spark.driver.
26/06/28 19:26:56 INFO ResourceUtils: ==============================================================
26/06/28 19:26:56 INFO SparkContext: Submitted application: DFQ2
26/06/28 19:26:56 INFO ResourceProfile: Default ResourceProfile created, executor resources: Map(cores -> name: cores, amount: 1, script: , vendor: , memory -> name: memory, amount: 2048, script: , vendor: , offHeap -> name: offHeap, amount: 0, script: , vendor: ), task resources: Map(cpus -> name: cpus, amount: 1.0)
26/06/28 19:26:56 INFO ResourceProfile: Limiting resource is cpus at 1 tasks per executor
26/06/28 19:26:56 INFO ResourceProfileManager: Added ResourceProfile id: 0
26/06/28 19:26:56 INFO SecurityManager: Changing view acls to: spark,anastasioskanellos
26/06/28 19:26:56 INFO SecurityManager: Changing modify acls to: spark,anastasioskanellos
26/06/28 19:26:56 INFO SecurityManager: Changing view acls groups to: 
26/06/28 19:26:56 INFO SecurityManager: Changing modify acls groups to: 
26/06/28 19:26:56 INFO SecurityManager: SecurityManager: authentication disabled; ui acls disabled; users with view permissions: spark, anastasioskanellos; groups with view permissions: EMPTY; users with modify permissions: spark, anastasioskanellos; groups with modify permissions: EMPTY
26/06/28 19:26:56 INFO Utils: Successfully started service 'sparkDriver' on port 7078.
26/06/28 19:26:56 INFO SparkEnv: Registering MapOutputTracker
26/06/28 19:26:56 INFO SparkEnv: Registering BlockManagerMaster
26/06/28 19:26:56 INFO BlockManagerMasterEndpoint: Using org.apache.spark.storage.DefaultTopologyMapper for getting topology information
26/06/28 19:26:56 INFO BlockManagerMasterEndpoint: BlockManagerMasterEndpoint up
26/06/28 19:26:56 INFO SparkEnv: Registering BlockManagerMasterHeartbeat
26/06/28 19:26:56 INFO DiskBlockManager: Created local directory at /var/data/spark-2d3dffc4-5036-4f77-bf3e-12f1dc3a6d99/blockmgr-2048c34d-fcc9-4856-b913-6d4662815599
26/06/28 19:26:56 INFO MemoryStore: MemoryStore started with capacity 413.9 MiB
26/06/28 19:26:56 INFO SparkEnv: Registering OutputCommitCoordinator
26/06/28 19:26:57 INFO JettyUtils: Start Jetty 0.0.0.0:4040 for SparkUI
26/06/28 19:26:57 INFO Utils: Successfully started service 'SparkUI' on port 4040.
26/06/28 19:26:57 INFO SparkKubernetesClientFactory: Auto-configuring K8S client using current context from users K8S config file
26/06/28 19:26:59 INFO ExecutorPodsAllocator: Going to request 4 executors from Kubernetes for ResourceProfile Id: 0, target: 4, known: 0, sharedSlotFromPendingPods: 2147483647.
26/06/28 19:26:59 INFO ExecutorPodsAllocator: Found 0 reusable PVCs from 0 PVCs
26/06/28 19:26:59 INFO Utils: Successfully started service 'org.apache.spark.network.netty.NettyBlockTransferService' on port 7079.
26/06/28 19:26:59 INFO NettyBlockTransferService: Server created on dfq2-py-bad99b9f0fb2dc9e-driver-svc.anastasioskanellos-priv.svc 10.233.98.155:7079
26/06/28 19:26:59 INFO BlockManager: Using org.apache.spark.storage.RandomBlockReplicationPolicy for block replication policy
26/06/28 19:26:59 INFO BlockManagerMaster: Registering BlockManager BlockManagerId(driver, dfq2-py-bad99b9f0fb2dc9e-driver-svc.anastasioskanellos-priv.svc, 7079, None)
26/06/28 19:26:59 INFO BlockManagerMasterEndpoint: Registering block manager dfq2-py-bad99b9f0fb2dc9e-driver-svc.anastasioskanellos-priv.svc:7079 with 413.9 MiB RAM, BlockManagerId(driver, dfq2-py-bad99b9f0fb2dc9e-driver-svc.anastasioskanellos-priv.svc, 7079, None)
26/06/28 19:26:59 INFO BlockManagerMaster: Registered BlockManager BlockManagerId(driver, dfq2-py-bad99b9f0fb2dc9e-driver-svc.anastasioskanellos-priv.svc, 7079, None)
26/06/28 19:26:59 INFO BlockManager: Initialized BlockManager: BlockManagerId(driver, dfq2-py-bad99b9f0fb2dc9e-driver-svc.anastasioskanellos-priv.svc, 7079, None)
26/06/28 19:26:59 INFO BasicExecutorFeatureStep: Decommissioning not enabled, skipping shutdown script
26/06/28 19:26:59 INFO SingleEventLogFileWriter: Logging events to hdfs://hdfs-namenode.default.svc.cluster.local:9000/user/anastasioskanellos/logs/spark-b42494b57c184d3da2306684751085f1.inprogress
26/06/28 19:26:59 INFO BasicExecutorFeatureStep: Decommissioning not enabled, skipping shutdown script
26/06/28 19:26:59 INFO BasicExecutorFeatureStep: Decommissioning not enabled, skipping shutdown script
26/06/28 19:26:59 INFO BasicExecutorFeatureStep: Decommissioning not enabled, skipping shutdown script
26/06/28 19:27:04 INFO KubernetesClusterSchedulerBackend$KubernetesDriverEndpoint: No executor found for 10.233.101.148:44614
26/06/28 19:27:04 INFO KubernetesClusterSchedulerBackend$KubernetesDriverEndpoint: No executor found for 10.233.98.131:44352
26/06/28 19:27:04 INFO KubernetesClusterSchedulerBackend$KubernetesDriverEndpoint: No executor found for 10.233.124.250:37204
26/06/28 19:27:04 INFO KubernetesClusterSchedulerBackend$KubernetesDriverEndpoint: No executor found for 10.233.126.103:53488
26/06/28 19:27:04 INFO KubernetesClusterSchedulerBackend$KubernetesDriverEndpoint: Registered executor NettyRpcEndpointRef(spark-client://Executor) (10.233.101.148:44630) with ID 1,  ResourceProfileId 0
26/06/28 19:27:04 INFO KubernetesClusterSchedulerBackend$KubernetesDriverEndpoint: Registered executor NettyRpcEndpointRef(spark-client://Executor) (10.233.98.131:44358) with ID 2,  ResourceProfileId 0
26/06/28 19:27:04 INFO BlockManagerMasterEndpoint: Registering block manager 10.233.101.148:33679 with 1048.8 MiB RAM, BlockManagerId(1, 10.233.101.148, 33679, None)
26/06/28 19:27:05 INFO KubernetesClusterSchedulerBackend$KubernetesDriverEndpoint: Registered executor NettyRpcEndpointRef(spark-client://Executor) (10.233.124.250:37206) with ID 4,  ResourceProfileId 0
26/06/28 19:27:05 INFO BlockManagerMasterEndpoint: Registering block manager 10.233.98.131:34031 with 1048.8 MiB RAM, BlockManagerId(2, 10.233.98.131, 34031, None)
26/06/28 19:27:05 INFO KubernetesClusterSchedulerBackend$KubernetesDriverEndpoint: Registered executor NettyRpcEndpointRef(spark-client://Executor) (10.233.126.103:53494) with ID 3,  ResourceProfileId 0
26/06/28 19:27:05 INFO BlockManagerMasterEndpoint: Registering block manager 10.233.124.250:37177 with 1048.8 MiB RAM, BlockManagerId(4, 10.233.124.250, 37177, None)
26/06/28 19:27:05 INFO KubernetesClusterSchedulerBackend: SchedulerBackend is ready for scheduling beginning after reached minRegisteredResourcesRatio: 0.8
26/06/28 19:27:05 INFO BlockManagerMasterEndpoint: Registering block manager 10.233.126.103:45835 with 1048.8 MiB RAM, BlockManagerId(3, 10.233.126.103, 45835, None)
+----+-----+-----------+-------+
|year|month|crime_total|ranking|
+----+-----+-----------+-------+
|2010|    1|      19524|      1|
|2010|    3|      18131|      2|
|2010|    7|      17857|      3|
|2011|    1|      18144|      1|
|2011|    7|      17284|      2|
|2011|   10|      17035|      3|
|2012|    1|      17958|      1|
|2012|    8|      17662|      2|
|2012|    5|      17504|      3|
|2013|    8|      17442|      1|
|2013|    1|      16833|      2|
|2013|    7|      16645|      3|
|2014|   10|      17337|      1|
|2014|    7|      17260|      2|
|2014|   12|      17201|      3|
|2015|    8|      15044|      1|
|2015|   10|      14934|      2|
|2015|    7|      14852|      3|
|2016|   12|      26236|      1|
|2016|   10|      25008|      2|
|2016|    8|      24635|      3|
|2017|   10|      20442|      1|
|2017|    7|      20202|      2|
|2017|    1|      19866|      3|
|2018|    5|      19979|      1|
|2018|    7|      19882|      2|
|2018|    8|      19769|      3|
|2019|    7|      19132|      1|
|2019|    8|      18994|      2|
|2019|    3|      18877|      3|
|2020|    1|      18576|      1|
|2020|    2|      17284|      2|
|2020|    5|      17230|      3|
|2021|   10|      19343|      1|
|2021|    7|      18690|      2|
|2021|    8|      18398|      3|
|2022|    5|      20467|      1|
|2022|   10|      20335|      2|
|2022|    6|      20273|      3|
|2023|   10|      20122|      1|
|2023|    8|      20082|      2|
|2023|    1|      19970|      3|
|2024|    1|      18926|      1|
|2024|    2|      17394|      2|
|2024|    3|      16293|      3|
|2025|    2|         44|      1|
|2025|    1|         26|      2|
|2025|    3|         24|      3|
+----+-----+-----------+-------+

QUERY_ELAPSED_SECONDS=51.957
Saved to: hdfs://hdfs-namenode.default.svc.cluster.local:9000/user/anastasioskanellos/DFQ2_spark-b42494b57c184d3da2306684751085f1
  Elapsed: 51.957s
--- Run 2/3 ---
  Pod: dfq2-py-88fb289f0fb42a1d-driver
26/06/28 19:28:19 WARN NativeCodeLoader: Unable to load native-hadoop library for your platform... using builtin-java classes where applicable
26/06/28 19:28:21 INFO SparkContext: Running Spark version 3.5.8
26/06/28 19:28:21 INFO SparkContext: OS info Linux, 6.1.0-47-amd64, amd64
26/06/28 19:28:21 INFO SparkContext: Java version 11.0.29
26/06/28 19:28:21 INFO ResourceUtils: ==============================================================
26/06/28 19:28:21 INFO ResourceUtils: No custom resources configured for spark.driver.
26/06/28 19:28:21 INFO ResourceUtils: ==============================================================
26/06/28 19:28:21 INFO SparkContext: Submitted application: DFQ2
26/06/28 19:28:21 INFO ResourceProfile: Default ResourceProfile created, executor resources: Map(cores -> name: cores, amount: 1, script: , vendor: , memory -> name: memory, amount: 2048, script: , vendor: , offHeap -> name: offHeap, amount: 0, script: , vendor: ), task resources: Map(cpus -> name: cpus, amount: 1.0)
26/06/28 19:28:21 INFO ResourceProfile: Limiting resource is cpus at 1 tasks per executor
26/06/28 19:28:21 INFO ResourceProfileManager: Added ResourceProfile id: 0
26/06/28 19:28:21 INFO SecurityManager: Changing view acls to: spark,anastasioskanellos
26/06/28 19:28:21 INFO SecurityManager: Changing modify acls to: spark,anastasioskanellos
26/06/28 19:28:21 INFO SecurityManager: Changing view acls groups to: 
26/06/28 19:28:21 INFO SecurityManager: Changing modify acls groups to: 
26/06/28 19:28:21 INFO SecurityManager: SecurityManager: authentication disabled; ui acls disabled; users with view permissions: spark, anastasioskanellos; groups with view permissions: EMPTY; users with modify permissions: spark, anastasioskanellos; groups with modify permissions: EMPTY
26/06/28 19:28:21 INFO Utils: Successfully started service 'sparkDriver' on port 7078.
26/06/28 19:28:21 INFO SparkEnv: Registering MapOutputTracker
26/06/28 19:28:21 INFO SparkEnv: Registering BlockManagerMaster
26/06/28 19:28:21 INFO BlockManagerMasterEndpoint: Using org.apache.spark.storage.DefaultTopologyMapper for getting topology information
26/06/28 19:28:21 INFO BlockManagerMasterEndpoint: BlockManagerMasterEndpoint up
26/06/28 19:28:21 INFO SparkEnv: Registering BlockManagerMasterHeartbeat
26/06/28 19:28:21 INFO DiskBlockManager: Created local directory at /var/data/spark-da90b1f3-a83b-4ac6-8a56-803ef2872711/blockmgr-c100b713-74b0-4ea6-92dd-409fb89a9502
26/06/28 19:28:21 INFO MemoryStore: MemoryStore started with capacity 413.9 MiB
26/06/28 19:28:21 INFO SparkEnv: Registering OutputCommitCoordinator
26/06/28 19:28:22 INFO JettyUtils: Start Jetty 0.0.0.0:4040 for SparkUI
26/06/28 19:28:22 INFO Utils: Successfully started service 'SparkUI' on port 4040.
26/06/28 19:28:22 INFO SparkKubernetesClientFactory: Auto-configuring K8S client using current context from users K8S config file
26/06/28 19:28:24 INFO ExecutorPodsAllocator: Going to request 4 executors from Kubernetes for ResourceProfile Id: 0, target: 4, known: 0, sharedSlotFromPendingPods: 2147483647.
26/06/28 19:28:24 INFO ExecutorPodsAllocator: Found 0 reusable PVCs from 0 PVCs
26/06/28 19:28:24 INFO Utils: Successfully started service 'org.apache.spark.network.netty.NettyBlockTransferService' on port 7079.
26/06/28 19:28:24 INFO NettyBlockTransferService: Server created on dfq2-py-88fb289f0fb42a1d-driver-svc.anastasioskanellos-priv.svc 10.233.98.173:7079
26/06/28 19:28:24 INFO BlockManager: Using org.apache.spark.storage.RandomBlockReplicationPolicy for block replication policy
26/06/28 19:28:24 INFO BlockManagerMaster: Registering BlockManager BlockManagerId(driver, dfq2-py-88fb289f0fb42a1d-driver-svc.anastasioskanellos-priv.svc, 7079, None)
26/06/28 19:28:24 INFO BlockManagerMasterEndpoint: Registering block manager dfq2-py-88fb289f0fb42a1d-driver-svc.anastasioskanellos-priv.svc:7079 with 413.9 MiB RAM, BlockManagerId(driver, dfq2-py-88fb289f0fb42a1d-driver-svc.anastasioskanellos-priv.svc, 7079, None)
26/06/28 19:28:24 INFO BlockManagerMaster: Registered BlockManager BlockManagerId(driver, dfq2-py-88fb289f0fb42a1d-driver-svc.anastasioskanellos-priv.svc, 7079, None)
26/06/28 19:28:24 INFO BlockManager: Initialized BlockManager: BlockManagerId(driver, dfq2-py-88fb289f0fb42a1d-driver-svc.anastasioskanellos-priv.svc, 7079, None)
26/06/28 19:28:24 INFO BasicExecutorFeatureStep: Decommissioning not enabled, skipping shutdown script
26/06/28 19:28:24 INFO SingleEventLogFileWriter: Logging events to hdfs://hdfs-namenode.default.svc.cluster.local:9000/user/anastasioskanellos/logs/spark-18421a3481e34e54b92ba5f2a3e6d769.inprogress
26/06/28 19:28:24 INFO BasicExecutorFeatureStep: Decommissioning not enabled, skipping shutdown script
26/06/28 19:28:24 INFO BasicExecutorFeatureStep: Decommissioning not enabled, skipping shutdown script
26/06/28 19:28:24 INFO BasicExecutorFeatureStep: Decommissioning not enabled, skipping shutdown script
26/06/28 19:28:29 INFO KubernetesClusterSchedulerBackend$KubernetesDriverEndpoint: No executor found for 10.233.124.209:37680
26/06/28 19:28:29 INFO KubernetesClusterSchedulerBackend$KubernetesDriverEndpoint: No executor found for 10.233.101.139:54982
26/06/28 19:28:29 INFO KubernetesClusterSchedulerBackend$KubernetesDriverEndpoint: No executor found for 10.233.98.141:60510
26/06/28 19:28:29 INFO KubernetesClusterSchedulerBackend$KubernetesDriverEndpoint: No executor found for 10.233.126.106:50938
26/06/28 19:28:30 INFO KubernetesClusterSchedulerBackend$KubernetesDriverEndpoint: Registered executor NettyRpcEndpointRef(spark-client://Executor) (10.233.101.139:54988) with ID 1,  ResourceProfileId 0
26/06/28 19:28:30 INFO KubernetesClusterSchedulerBackend$KubernetesDriverEndpoint: Registered executor NettyRpcEndpointRef(spark-client://Executor) (10.233.124.209:37692) with ID 4,  ResourceProfileId 0
26/06/28 19:28:30 INFO KubernetesClusterSchedulerBackend$KubernetesDriverEndpoint: Registered executor NettyRpcEndpointRef(spark-client://Executor) (10.233.98.141:60520) with ID 3,  ResourceProfileId 0
26/06/28 19:28:30 INFO BlockManagerMasterEndpoint: Registering block manager 10.233.124.209:40669 with 1048.8 MiB RAM, BlockManagerId(4, 10.233.124.209, 40669, None)
26/06/28 19:28:30 INFO BlockManagerMasterEndpoint: Registering block manager 10.233.101.139:35495 with 1048.8 MiB RAM, BlockManagerId(1, 10.233.101.139, 35495, None)
26/06/28 19:28:30 INFO BlockManagerMasterEndpoint: Registering block manager 10.233.98.141:45873 with 1048.8 MiB RAM, BlockManagerId(3, 10.233.98.141, 45873, None)
26/06/28 19:28:30 INFO KubernetesClusterSchedulerBackend$KubernetesDriverEndpoint: Registered executor NettyRpcEndpointRef(spark-client://Executor) (10.233.126.106:50948) with ID 2,  ResourceProfileId 0
26/06/28 19:28:30 INFO KubernetesClusterSchedulerBackend: SchedulerBackend is ready for scheduling beginning after reached minRegisteredResourcesRatio: 0.8
26/06/28 19:28:30 INFO BlockManagerMasterEndpoint: Registering block manager 10.233.126.106:41701 with 1048.8 MiB RAM, BlockManagerId(2, 10.233.126.106, 41701, None)
+----+-----+-----------+-------+
|year|month|crime_total|ranking|
+----+-----+-----------+-------+
|2010|    1|      19524|      1|
|2010|    3|      18131|      2|
|2010|    7|      17857|      3|
|2011|    1|      18144|      1|
|2011|    7|      17284|      2|
|2011|   10|      17035|      3|
|2012|    1|      17958|      1|
|2012|    8|      17662|      2|
|2012|    5|      17504|      3|
|2013|    8|      17442|      1|
|2013|    1|      16833|      2|
|2013|    7|      16645|      3|
|2014|   10|      17337|      1|
|2014|    7|      17260|      2|
|2014|   12|      17201|      3|
|2015|    8|      15044|      1|
|2015|   10|      14934|      2|
|2015|    7|      14852|      3|
|2016|   12|      26236|      1|
|2016|   10|      25008|      2|
|2016|    8|      24635|      3|
|2017|   10|      20442|      1|
|2017|    7|      20202|      2|
|2017|    1|      19866|      3|
|2018|    5|      19979|      1|
|2018|    7|      19882|      2|
|2018|    8|      19769|      3|
|2019|    7|      19132|      1|
|2019|    8|      18994|      2|
|2019|    3|      18877|      3|
|2020|    1|      18576|      1|
|2020|    2|      17284|      2|
|2020|    5|      17230|      3|
|2021|   10|      19343|      1|
|2021|    7|      18690|      2|
|2021|    8|      18398|      3|
|2022|    5|      20467|      1|
|2022|   10|      20335|      2|
|2022|    6|      20273|      3|
|2023|   10|      20122|      1|
|2023|    8|      20082|      2|
|2023|    1|      19970|      3|
|2024|    1|      18926|      1|
|2024|    2|      17394|      2|
|2024|    3|      16293|      3|
|2025|    2|         44|      1|
|2025|    1|         26|      2|
|2025|    3|         24|      3|
+----+-----+-----------+-------+

QUERY_ELAPSED_SECONDS=65.050
Saved to: hdfs://hdfs-namenode.default.svc.cluster.local:9000/user/anastasioskanellos/DFQ2_spark-18421a3481e34e54b92ba5f2a3e6d769
  Elapsed: 65.050s
--- Run 3/3 ---
  Pod: dfq2-py-4864959f0fb5b30b-driver
26/06/28 19:30:00 WARN NativeCodeLoader: Unable to load native-hadoop library for your platform... using builtin-java classes where applicable
26/06/28 19:30:02 INFO SparkContext: Running Spark version 3.5.8
26/06/28 19:30:02 INFO SparkContext: OS info Linux, 6.1.0-48-amd64, amd64
26/06/28 19:30:02 INFO SparkContext: Java version 11.0.29
26/06/28 19:30:02 INFO ResourceUtils: ==============================================================
26/06/28 19:30:02 INFO ResourceUtils: No custom resources configured for spark.driver.
26/06/28 19:30:02 INFO ResourceUtils: ==============================================================
26/06/28 19:30:02 INFO SparkContext: Submitted application: DFQ2
26/06/28 19:30:02 INFO ResourceProfile: Default ResourceProfile created, executor resources: Map(cores -> name: cores, amount: 1, script: , vendor: , memory -> name: memory, amount: 2048, script: , vendor: , offHeap -> name: offHeap, amount: 0, script: , vendor: ), task resources: Map(cpus -> name: cpus, amount: 1.0)
26/06/28 19:30:02 INFO ResourceProfile: Limiting resource is cpus at 1 tasks per executor
26/06/28 19:30:02 INFO ResourceProfileManager: Added ResourceProfile id: 0
26/06/28 19:30:02 INFO SecurityManager: Changing view acls to: spark,anastasioskanellos
26/06/28 19:30:02 INFO SecurityManager: Changing modify acls to: spark,anastasioskanellos
26/06/28 19:30:02 INFO SecurityManager: Changing view acls groups to: 
26/06/28 19:30:02 INFO SecurityManager: Changing modify acls groups to: 
26/06/28 19:30:02 INFO SecurityManager: SecurityManager: authentication disabled; ui acls disabled; users with view permissions: spark, anastasioskanellos; groups with view permissions: EMPTY; users with modify permissions: spark, anastasioskanellos; groups with modify permissions: EMPTY
26/06/28 19:30:02 INFO Utils: Successfully started service 'sparkDriver' on port 7078.
26/06/28 19:30:02 INFO SparkEnv: Registering MapOutputTracker
26/06/28 19:30:02 INFO SparkEnv: Registering BlockManagerMaster
26/06/28 19:30:03 INFO BlockManagerMasterEndpoint: Using org.apache.spark.storage.DefaultTopologyMapper for getting topology information
26/06/28 19:30:03 INFO BlockManagerMasterEndpoint: BlockManagerMasterEndpoint up
26/06/28 19:30:03 INFO SparkEnv: Registering BlockManagerMasterHeartbeat
26/06/28 19:30:03 INFO DiskBlockManager: Created local directory at /var/data/spark-11f64a15-a2fb-4251-b2fd-5abce1c74ffa/blockmgr-f1240aab-e507-4677-b96f-6f7dc2ba503d
26/06/28 19:30:03 INFO MemoryStore: MemoryStore started with capacity 413.9 MiB
26/06/28 19:30:03 INFO SparkEnv: Registering OutputCommitCoordinator
26/06/28 19:30:03 INFO JettyUtils: Start Jetty 0.0.0.0:4040 for SparkUI
26/06/28 19:30:03 INFO Utils: Successfully started service 'SparkUI' on port 4040.
26/06/28 19:30:03 INFO SparkKubernetesClientFactory: Auto-configuring K8S client using current context from users K8S config file
26/06/28 19:30:05 INFO ExecutorPodsAllocator: Going to request 4 executors from Kubernetes for ResourceProfile Id: 0, target: 4, known: 0, sharedSlotFromPendingPods: 2147483647.
26/06/28 19:30:05 INFO ExecutorPodsAllocator: Found 0 reusable PVCs from 0 PVCs
26/06/28 19:30:05 INFO Utils: Successfully started service 'org.apache.spark.network.netty.NettyBlockTransferService' on port 7079.
26/06/28 19:30:05 INFO NettyBlockTransferService: Server created on dfq2-py-4864959f0fb5b30b-driver-svc.anastasioskanellos-priv.svc 10.233.126.78:7079
26/06/28 19:30:05 INFO BlockManager: Using org.apache.spark.storage.RandomBlockReplicationPolicy for block replication policy
26/06/28 19:30:05 INFO BlockManagerMaster: Registering BlockManager BlockManagerId(driver, dfq2-py-4864959f0fb5b30b-driver-svc.anastasioskanellos-priv.svc, 7079, None)
26/06/28 19:30:05 INFO BlockManagerMasterEndpoint: Registering block manager dfq2-py-4864959f0fb5b30b-driver-svc.anastasioskanellos-priv.svc:7079 with 413.9 MiB RAM, BlockManagerId(driver, dfq2-py-4864959f0fb5b30b-driver-svc.anastasioskanellos-priv.svc, 7079, None)
26/06/28 19:30:05 INFO BlockManagerMaster: Registered BlockManager BlockManagerId(driver, dfq2-py-4864959f0fb5b30b-driver-svc.anastasioskanellos-priv.svc, 7079, None)
26/06/28 19:30:05 INFO BlockManager: Initialized BlockManager: BlockManagerId(driver, dfq2-py-4864959f0fb5b30b-driver-svc.anastasioskanellos-priv.svc, 7079, None)
26/06/28 19:30:05 INFO BasicExecutorFeatureStep: Decommissioning not enabled, skipping shutdown script
26/06/28 19:30:06 INFO SingleEventLogFileWriter: Logging events to hdfs://hdfs-namenode.default.svc.cluster.local:9000/user/anastasioskanellos/logs/spark-5fc7569d5b7541aa843c0eeeaac206e7.inprogress
26/06/28 19:30:06 INFO BasicExecutorFeatureStep: Decommissioning not enabled, skipping shutdown script
26/06/28 19:30:06 INFO BasicExecutorFeatureStep: Decommissioning not enabled, skipping shutdown script
26/06/28 19:30:06 INFO BasicExecutorFeatureStep: Decommissioning not enabled, skipping shutdown script
26/06/28 19:30:10 INFO KubernetesClusterSchedulerBackend$KubernetesDriverEndpoint: No executor found for 10.233.101.131:40946
26/06/28 19:30:10 INFO KubernetesClusterSchedulerBackend$KubernetesDriverEndpoint: No executor found for 10.233.98.166:38706
26/06/28 19:30:10 INFO KubernetesClusterSchedulerBackend$KubernetesDriverEndpoint: No executor found for 10.233.126.99:47436
26/06/28 19:30:11 INFO KubernetesClusterSchedulerBackend$KubernetesDriverEndpoint: No executor found for 10.233.126.92:34128
26/06/28 19:30:11 INFO KubernetesClusterSchedulerBackend$KubernetesDriverEndpoint: Registered executor NettyRpcEndpointRef(spark-client://Executor) (10.233.101.131:40950) with ID 2,  ResourceProfileId 0
26/06/28 19:30:11 INFO KubernetesClusterSchedulerBackend$KubernetesDriverEndpoint: Registered executor NettyRpcEndpointRef(spark-client://Executor) (10.233.98.166:38714) with ID 3,  ResourceProfileId 0
26/06/28 19:30:11 INFO BlockManagerMasterEndpoint: Registering block manager 10.233.101.131:35425 with 1048.8 MiB RAM, BlockManagerId(2, 10.233.101.131, 35425, None)
26/06/28 19:30:11 INFO BlockManagerMasterEndpoint: Registering block manager 10.233.98.166:37507 with 1048.8 MiB RAM, BlockManagerId(3, 10.233.98.166, 37507, None)
26/06/28 19:30:11 INFO KubernetesClusterSchedulerBackend$KubernetesDriverEndpoint: Registered executor NettyRpcEndpointRef(spark-client://Executor) (10.233.126.99:47452) with ID 1,  ResourceProfileId 0
26/06/28 19:30:11 INFO BlockManagerMasterEndpoint: Registering block manager 10.233.126.99:39431 with 1048.8 MiB RAM, BlockManagerId(1, 10.233.126.99, 39431, None)
26/06/28 19:30:12 INFO KubernetesClusterSchedulerBackend$KubernetesDriverEndpoint: Registered executor NettyRpcEndpointRef(spark-client://Executor) (10.233.126.92:34134) with ID 4,  ResourceProfileId 0
26/06/28 19:30:12 INFO KubernetesClusterSchedulerBackend: SchedulerBackend is ready for scheduling beginning after reached minRegisteredResourcesRatio: 0.8
26/06/28 19:30:12 INFO BlockManagerMasterEndpoint: Registering block manager 10.233.126.92:38331 with 1048.8 MiB RAM, BlockManagerId(4, 10.233.126.92, 38331, None)
+----+-----+-----------+-------+
|year|month|crime_total|ranking|
+----+-----+-----------+-------+
|2010|    1|      19524|      1|
|2010|    3|      18131|      2|
|2010|    7|      17857|      3|
|2011|    1|      18144|      1|
|2011|    7|      17284|      2|
|2011|   10|      17035|      3|
|2012|    1|      17958|      1|
|2012|    8|      17662|      2|
|2012|    5|      17504|      3|
|2013|    8|      17442|      1|
|2013|    1|      16833|      2|
|2013|    7|      16645|      3|
|2014|   10|      17337|      1|
|2014|    7|      17260|      2|
|2014|   12|      17201|      3|
|2015|    8|      15044|      1|
|2015|   10|      14934|      2|
|2015|    7|      14852|      3|
|2016|   12|      26236|      1|
|2016|   10|      25008|      2|
|2016|    8|      24635|      3|
|2017|   10|      20442|      1|
|2017|    7|      20202|      2|
|2017|    1|      19866|      3|
|2018|    5|      19979|      1|
|2018|    7|      19882|      2|
|2018|    8|      19769|      3|
|2019|    7|      19132|      1|
|2019|    8|      18994|      2|
|2019|    3|      18877|      3|
|2020|    1|      18576|      1|
|2020|    2|      17284|      2|
|2020|    5|      17230|      3|
|2021|   10|      19343|      1|
|2021|    7|      18690|      2|
|2021|    8|      18398|      3|
|2022|    5|      20467|      1|
|2022|   10|      20335|      2|
|2022|    6|      20273|      3|
|2023|   10|      20122|      1|
|2023|    8|      20082|      2|
|2023|    1|      19970|      3|
|2024|    1|      18926|      1|
|2024|    2|      17394|      2|
|2024|    3|      16293|      3|
|2025|    2|         44|      1|
|2025|    1|         26|      2|
|2025|    3|         24|      3|
+----+-----+-----------+-------+

QUERY_ELAPSED_SECONDS=70.834
Saved to: hdfs://hdfs-namenode.default.svc.cluster.local:9000/user/anastasioskanellos/DFQ2_spark-5fc7569d5b7541aa843c0eeeaac206e7
  Elapsed: 70.834s
  >>> Median: 65.050s
DataFrame MEDIAN=65.050

========== SQL ==========
--- Run 1/3 ---
  Pod: sqlq2-py-0abde09f0fb75175-driver
26/06/28 19:31:46 WARN NativeCodeLoader: Unable to load native-hadoop library for your platform... using builtin-java classes where applicable
26/06/28 19:31:48 INFO SparkContext: Running Spark version 3.5.8
26/06/28 19:31:48 INFO SparkContext: OS info Linux, 6.1.0-48-amd64, amd64
26/06/28 19:31:48 INFO SparkContext: Java version 11.0.29
26/06/28 19:31:48 INFO ResourceUtils: ==============================================================
26/06/28 19:31:48 INFO ResourceUtils: No custom resources configured for spark.driver.
26/06/28 19:31:48 INFO ResourceUtils: ==============================================================
26/06/28 19:31:48 INFO SparkContext: Submitted application: SQLQ2
26/06/28 19:31:48 INFO ResourceProfile: Default ResourceProfile created, executor resources: Map(cores -> name: cores, amount: 1, script: , vendor: , memory -> name: memory, amount: 2048, script: , vendor: , offHeap -> name: offHeap, amount: 0, script: , vendor: ), task resources: Map(cpus -> name: cpus, amount: 1.0)
26/06/28 19:31:48 INFO ResourceProfile: Limiting resource is cpus at 1 tasks per executor
26/06/28 19:31:48 INFO ResourceProfileManager: Added ResourceProfile id: 0
26/06/28 19:31:48 INFO SecurityManager: Changing view acls to: spark,anastasioskanellos
26/06/28 19:31:48 INFO SecurityManager: Changing modify acls to: spark,anastasioskanellos
26/06/28 19:31:48 INFO SecurityManager: Changing view acls groups to: 
26/06/28 19:31:48 INFO SecurityManager: Changing modify acls groups to: 
26/06/28 19:31:48 INFO SecurityManager: SecurityManager: authentication disabled; ui acls disabled; users with view permissions: spark, anastasioskanellos; groups with view permissions: EMPTY; users with modify permissions: spark, anastasioskanellos; groups with modify permissions: EMPTY
26/06/28 19:31:48 INFO Utils: Successfully started service 'sparkDriver' on port 7078.
26/06/28 19:31:48 INFO SparkEnv: Registering MapOutputTracker
26/06/28 19:31:48 INFO SparkEnv: Registering BlockManagerMaster
26/06/28 19:31:49 INFO BlockManagerMasterEndpoint: Using org.apache.spark.storage.DefaultTopologyMapper for getting topology information
26/06/28 19:31:49 INFO BlockManagerMasterEndpoint: BlockManagerMasterEndpoint up
26/06/28 19:31:49 INFO SparkEnv: Registering BlockManagerMasterHeartbeat
26/06/28 19:31:49 INFO DiskBlockManager: Created local directory at /var/data/spark-7aa2451d-2729-4d79-b746-937cb18bf913/blockmgr-badc30bb-523d-46a9-8048-9ded91744614
26/06/28 19:31:49 INFO MemoryStore: MemoryStore started with capacity 413.9 MiB
26/06/28 19:31:49 INFO SparkEnv: Registering OutputCommitCoordinator
26/06/28 19:31:49 INFO JettyUtils: Start Jetty 0.0.0.0:4040 for SparkUI
26/06/28 19:31:49 INFO Utils: Successfully started service 'SparkUI' on port 4040.
26/06/28 19:31:49 INFO SparkKubernetesClientFactory: Auto-configuring K8S client using current context from users K8S config file
26/06/28 19:31:51 INFO ExecutorPodsAllocator: Going to request 4 executors from Kubernetes for ResourceProfile Id: 0, target: 4, known: 0, sharedSlotFromPendingPods: 2147483647.
26/06/28 19:31:51 INFO ExecutorPodsAllocator: Found 0 reusable PVCs from 0 PVCs
26/06/28 19:31:51 INFO Utils: Successfully started service 'org.apache.spark.network.netty.NettyBlockTransferService' on port 7079.
26/06/28 19:31:51 INFO NettyBlockTransferService: Server created on sqlq2-py-0abde09f0fb75175-driver-svc.anastasioskanellos-priv.svc 10.233.126.125:7079
26/06/28 19:31:51 INFO BlockManager: Using org.apache.spark.storage.RandomBlockReplicationPolicy for block replication policy
26/06/28 19:31:51 INFO BlockManagerMaster: Registering BlockManager BlockManagerId(driver, sqlq2-py-0abde09f0fb75175-driver-svc.anastasioskanellos-priv.svc, 7079, None)
26/06/28 19:31:51 INFO BlockManagerMasterEndpoint: Registering block manager sqlq2-py-0abde09f0fb75175-driver-svc.anastasioskanellos-priv.svc:7079 with 413.9 MiB RAM, BlockManagerId(driver, sqlq2-py-0abde09f0fb75175-driver-svc.anastasioskanellos-priv.svc, 7079, None)
26/06/28 19:31:51 INFO BlockManagerMaster: Registered BlockManager BlockManagerId(driver, sqlq2-py-0abde09f0fb75175-driver-svc.anastasioskanellos-priv.svc, 7079, None)
26/06/28 19:31:51 INFO BlockManager: Initialized BlockManager: BlockManagerId(driver, sqlq2-py-0abde09f0fb75175-driver-svc.anastasioskanellos-priv.svc, 7079, None)
26/06/28 19:31:51 INFO BasicExecutorFeatureStep: Decommissioning not enabled, skipping shutdown script
26/06/28 19:31:51 INFO SingleEventLogFileWriter: Logging events to hdfs://hdfs-namenode.default.svc.cluster.local:9000/user/anastasioskanellos/logs/spark-98039b2eb9f44de1a6a6ce658e499de2.inprogress
26/06/28 19:31:51 INFO BasicExecutorFeatureStep: Decommissioning not enabled, skipping shutdown script
26/06/28 19:31:51 INFO BasicExecutorFeatureStep: Decommissioning not enabled, skipping shutdown script
26/06/28 19:31:51 INFO BasicExecutorFeatureStep: Decommissioning not enabled, skipping shutdown script
26/06/28 19:31:56 INFO KubernetesClusterSchedulerBackend$KubernetesDriverEndpoint: No executor found for 10.233.101.168:57240
26/06/28 19:31:57 INFO KubernetesClusterSchedulerBackend$KubernetesDriverEndpoint: No executor found for 10.233.126.110:38532
26/06/28 19:31:57 INFO KubernetesClusterSchedulerBackend$KubernetesDriverEndpoint: No executor found for 10.233.126.66:59436
26/06/28 19:31:57 INFO KubernetesClusterSchedulerBackend$KubernetesDriverEndpoint: No executor found for 10.233.126.118:33154
26/06/28 19:31:57 INFO KubernetesClusterSchedulerBackend$KubernetesDriverEndpoint: Registered executor NettyRpcEndpointRef(spark-client://Executor) (10.233.101.168:57254) with ID 3,  ResourceProfileId 0
26/06/28 19:31:57 INFO BlockManagerMasterEndpoint: Registering block manager 10.233.101.168:38795 with 1048.8 MiB RAM, BlockManagerId(3, 10.233.101.168, 38795, None)
26/06/28 19:31:57 INFO KubernetesClusterSchedulerBackend$KubernetesDriverEndpoint: Registered executor NettyRpcEndpointRef(spark-client://Executor) (10.233.126.110:38542) with ID 1,  ResourceProfileId 0
26/06/28 19:31:57 INFO KubernetesClusterSchedulerBackend$KubernetesDriverEndpoint: Registered executor NettyRpcEndpointRef(spark-client://Executor) (10.233.126.66:59450) with ID 2,  ResourceProfileId 0
26/06/28 19:31:57 INFO KubernetesClusterSchedulerBackend$KubernetesDriverEndpoint: Registered executor NettyRpcEndpointRef(spark-client://Executor) (10.233.126.118:33164) with ID 4,  ResourceProfileId 0
26/06/28 19:31:57 INFO BlockManagerMasterEndpoint: Registering block manager 10.233.126.110:36823 with 1048.8 MiB RAM, BlockManagerId(1, 10.233.126.110, 36823, None)
26/06/28 19:31:57 INFO KubernetesClusterSchedulerBackend: SchedulerBackend is ready for scheduling beginning after reached minRegisteredResourcesRatio: 0.8
26/06/28 19:31:58 INFO BlockManagerMasterEndpoint: Registering block manager 10.233.126.66:37097 with 1048.8 MiB RAM, BlockManagerId(2, 10.233.126.66, 37097, None)
26/06/28 19:31:58 INFO BlockManagerMasterEndpoint: Registering block manager 10.233.126.118:35123 with 1048.8 MiB RAM, BlockManagerId(4, 10.233.126.118, 35123, None)
+----+-----+-----------+-------+
|year|month|crime_total|ranking|
+----+-----+-----------+-------+
|2010|    1|      19524|      1|
|2010|    3|      18131|      2|
|2010|    7|      17857|      3|
|2011|    1|      18144|      1|
|2011|    7|      17284|      2|
|2011|   10|      17035|      3|
|2012|    1|      17958|      1|
|2012|    8|      17662|      2|
|2012|    5|      17504|      3|
|2013|    8|      17442|      1|
|2013|    1|      16833|      2|
|2013|    7|      16645|      3|
|2014|   10|      17337|      1|
|2014|    7|      17260|      2|
|2014|   12|      17201|      3|
|2015|    8|      15044|      1|
|2015|   10|      14934|      2|
|2015|    7|      14852|      3|
|2016|   12|      26236|      1|
|2016|   10|      25008|      2|
|2016|    8|      24635|      3|
|2017|   10|      20442|      1|
|2017|    7|      20202|      2|
|2017|    1|      19866|      3|
|2018|    5|      19979|      1|
|2018|    7|      19882|      2|
|2018|    8|      19769|      3|
|2019|    7|      19132|      1|
|2019|    8|      18994|      2|
|2019|    3|      18877|      3|
|2020|    1|      18576|      1|
|2020|    2|      17284|      2|
|2020|    5|      17230|      3|
|2021|   10|      19343|      1|
|2021|    7|      18690|      2|
|2021|    8|      18398|      3|
|2022|    5|      20467|      1|
|2022|   10|      20335|      2|
|2022|    6|      20273|      3|
|2023|   10|      20122|      1|
|2023|    8|      20082|      2|
|2023|    1|      19970|      3|
|2024|    1|      18926|      1|
|2024|    2|      17394|      2|
|2024|    3|      16293|      3|
|2025|    2|         44|      1|
|2025|    1|         26|      2|
|2025|    3|         24|      3|
+----+-----+-----------+-------+

QUERY_ELAPSED_SECONDS=71.424
Saved to: hdfs://hdfs-namenode.default.svc.cluster.local:9000/user/anastasioskanellos/SQLQ2_spark-98039b2eb9f44de1a6a6ce658e499de2
  Elapsed: 71.424s
--- Run 2/3 ---
  Pod: sqlq2-py-6c2ccc9f0fb8ee8e-driver
26/06/28 19:33:31 WARN NativeCodeLoader: Unable to load native-hadoop library for your platform... using builtin-java classes where applicable
26/06/28 19:33:34 INFO SparkContext: Running Spark version 3.5.8
26/06/28 19:33:34 INFO SparkContext: OS info Linux, 6.1.0-48-amd64, amd64
26/06/28 19:33:34 INFO SparkContext: Java version 11.0.29
26/06/28 19:33:34 INFO ResourceUtils: ==============================================================
26/06/28 19:33:34 INFO ResourceUtils: No custom resources configured for spark.driver.
26/06/28 19:33:34 INFO ResourceUtils: ==============================================================
26/06/28 19:33:34 INFO SparkContext: Submitted application: SQLQ2
26/06/28 19:33:34 INFO ResourceProfile: Default ResourceProfile created, executor resources: Map(cores -> name: cores, amount: 1, script: , vendor: , memory -> name: memory, amount: 2048, script: , vendor: , offHeap -> name: offHeap, amount: 0, script: , vendor: ), task resources: Map(cpus -> name: cpus, amount: 1.0)
26/06/28 19:33:34 INFO ResourceProfile: Limiting resource is cpus at 1 tasks per executor
26/06/28 19:33:34 INFO ResourceProfileManager: Added ResourceProfile id: 0
26/06/28 19:33:34 INFO SecurityManager: Changing view acls to: spark,anastasioskanellos
26/06/28 19:33:34 INFO SecurityManager: Changing modify acls to: spark,anastasioskanellos
26/06/28 19:33:34 INFO SecurityManager: Changing view acls groups to: 
26/06/28 19:33:34 INFO SecurityManager: Changing modify acls groups to: 
26/06/28 19:33:34 INFO SecurityManager: SecurityManager: authentication disabled; ui acls disabled; users with view permissions: spark, anastasioskanellos; groups with view permissions: EMPTY; users with modify permissions: spark, anastasioskanellos; groups with modify permissions: EMPTY
26/06/28 19:33:34 INFO Utils: Successfully started service 'sparkDriver' on port 7078.
26/06/28 19:33:34 INFO SparkEnv: Registering MapOutputTracker
26/06/28 19:33:34 INFO SparkEnv: Registering BlockManagerMaster
26/06/28 19:33:34 INFO BlockManagerMasterEndpoint: Using org.apache.spark.storage.DefaultTopologyMapper for getting topology information
26/06/28 19:33:34 INFO BlockManagerMasterEndpoint: BlockManagerMasterEndpoint up
26/06/28 19:33:34 INFO SparkEnv: Registering BlockManagerMasterHeartbeat
26/06/28 19:33:34 INFO DiskBlockManager: Created local directory at /var/data/spark-5abd2e9a-d72c-428b-b01d-2bac423bc1f6/blockmgr-2c7d4b35-2c3a-45ed-8f52-f1e02ea8468a
26/06/28 19:33:34 INFO MemoryStore: MemoryStore started with capacity 413.9 MiB
26/06/28 19:33:34 INFO SparkEnv: Registering OutputCommitCoordinator
26/06/28 19:33:35 INFO JettyUtils: Start Jetty 0.0.0.0:4040 for SparkUI
26/06/28 19:33:35 INFO Utils: Successfully started service 'SparkUI' on port 4040.
26/06/28 19:33:35 INFO SparkKubernetesClientFactory: Auto-configuring K8S client using current context from users K8S config file
26/06/28 19:33:37 INFO ExecutorPodsAllocator: Going to request 4 executors from Kubernetes for ResourceProfile Id: 0, target: 4, known: 0, sharedSlotFromPendingPods: 2147483647.
26/06/28 19:33:37 INFO ExecutorPodsAllocator: Found 0 reusable PVCs from 0 PVCs
26/06/28 19:33:37 INFO BasicExecutorFeatureStep: Decommissioning not enabled, skipping shutdown script
26/06/28 19:33:37 INFO BasicExecutorFeatureStep: Decommissioning not enabled, skipping shutdown script
26/06/28 19:33:37 INFO BasicExecutorFeatureStep: Decommissioning not enabled, skipping shutdown script
26/06/28 19:33:37 INFO BasicExecutorFeatureStep: Decommissioning not enabled, skipping shutdown script
26/06/28 19:33:37 INFO Utils: Successfully started service 'org.apache.spark.network.netty.NettyBlockTransferService' on port 7079.
26/06/28 19:33:37 INFO NettyBlockTransferService: Server created on sqlq2-py-6c2ccc9f0fb8ee8e-driver-svc.anastasioskanellos-priv.svc 10.233.126.88:7079
26/06/28 19:33:37 INFO BlockManager: Using org.apache.spark.storage.RandomBlockReplicationPolicy for block replication policy
26/06/28 19:33:37 INFO BlockManagerMaster: Registering BlockManager BlockManagerId(driver, sqlq2-py-6c2ccc9f0fb8ee8e-driver-svc.anastasioskanellos-priv.svc, 7079, None)
26/06/28 19:33:37 INFO BlockManagerMasterEndpoint: Registering block manager sqlq2-py-6c2ccc9f0fb8ee8e-driver-svc.anastasioskanellos-priv.svc:7079 with 413.9 MiB RAM, BlockManagerId(driver, sqlq2-py-6c2ccc9f0fb8ee8e-driver-svc.anastasioskanellos-priv.svc, 7079, None)
26/06/28 19:33:37 INFO BlockManagerMaster: Registered BlockManager BlockManagerId(driver, sqlq2-py-6c2ccc9f0fb8ee8e-driver-svc.anastasioskanellos-priv.svc, 7079, None)
26/06/28 19:33:37 INFO BlockManager: Initialized BlockManager: BlockManagerId(driver, sqlq2-py-6c2ccc9f0fb8ee8e-driver-svc.anastasioskanellos-priv.svc, 7079, None)
26/06/28 19:33:38 INFO SingleEventLogFileWriter: Logging events to hdfs://hdfs-namenode.default.svc.cluster.local:9000/user/anastasioskanellos/logs/spark-66802479b7304fc597fbd3da159a0efb.inprogress
26/06/28 19:33:42 INFO KubernetesClusterSchedulerBackend$KubernetesDriverEndpoint: No executor found for 10.233.101.146:53758
26/06/28 19:33:42 INFO KubernetesClusterSchedulerBackend$KubernetesDriverEndpoint: No executor found for 10.233.101.166:55320
26/06/28 19:33:42 INFO KubernetesClusterSchedulerBackend$KubernetesDriverEndpoint: No executor found for 10.233.124.255:37590
26/06/28 19:33:42 INFO KubernetesClusterSchedulerBackend$KubernetesDriverEndpoint: No executor found for 10.233.126.75:49670
26/06/28 19:33:43 INFO KubernetesClusterSchedulerBackend$KubernetesDriverEndpoint: Registered executor NettyRpcEndpointRef(spark-client://Executor) (10.233.101.146:53768) with ID 1,  ResourceProfileId 0
26/06/28 19:33:43 INFO BlockManagerMasterEndpoint: Registering block manager 10.233.101.146:38095 with 1048.8 MiB RAM, BlockManagerId(1, 10.233.101.146, 38095, None)
26/06/28 19:33:43 INFO KubernetesClusterSchedulerBackend$KubernetesDriverEndpoint: Registered executor NettyRpcEndpointRef(spark-client://Executor) (10.233.101.166:55336) with ID 4,  ResourceProfileId 0
26/06/28 19:33:43 INFO KubernetesClusterSchedulerBackend$KubernetesDriverEndpoint: Registered executor NettyRpcEndpointRef(spark-client://Executor) (10.233.124.255:37604) with ID 3,  ResourceProfileId 0
26/06/28 19:33:43 INFO KubernetesClusterSchedulerBackend$KubernetesDriverEndpoint: Registered executor NettyRpcEndpointRef(spark-client://Executor) (10.233.126.75:49684) with ID 2,  ResourceProfileId 0
26/06/28 19:33:43 INFO BlockManagerMasterEndpoint: Registering block manager 10.233.101.166:45511 with 1048.8 MiB RAM, BlockManagerId(4, 10.233.101.166, 45511, None)
26/06/28 19:33:43 INFO KubernetesClusterSchedulerBackend: SchedulerBackend is ready for scheduling beginning after reached minRegisteredResourcesRatio: 0.8
26/06/28 19:33:43 INFO BlockManagerMasterEndpoint: Registering block manager 10.233.124.255:46203 with 1048.8 MiB RAM, BlockManagerId(3, 10.233.124.255, 46203, None)
26/06/28 19:33:43 INFO BlockManagerMasterEndpoint: Registering block manager 10.233.126.75:39105 with 1048.8 MiB RAM, BlockManagerId(2, 10.233.126.75, 39105, None)
+----+-----+-----------+-------+
|year|month|crime_total|ranking|
+----+-----+-----------+-------+
|2010|    1|      19524|      1|
|2010|    3|      18131|      2|
|2010|    7|      17857|      3|
|2011|    1|      18144|      1|
|2011|    7|      17284|      2|
|2011|   10|      17035|      3|
|2012|    1|      17958|      1|
|2012|    8|      17662|      2|
|2012|    5|      17504|      3|
|2013|    8|      17442|      1|
|2013|    1|      16833|      2|
|2013|    7|      16645|      3|
|2014|   10|      17337|      1|
|2014|    7|      17260|      2|
|2014|   12|      17201|      3|
|2015|    8|      15044|      1|
|2015|   10|      14934|      2|
|2015|    7|      14852|      3|
|2016|   12|      26236|      1|
|2016|   10|      25008|      2|
|2016|    8|      24635|      3|
|2017|   10|      20442|      1|
|2017|    7|      20202|      2|
|2017|    1|      19866|      3|
|2018|    5|      19979|      1|
|2018|    7|      19882|      2|
|2018|    8|      19769|      3|
|2019|    7|      19132|      1|
|2019|    8|      18994|      2|
|2019|    3|      18877|      3|
|2020|    1|      18576|      1|
|2020|    2|      17284|      2|
|2020|    5|      17230|      3|
|2021|   10|      19343|      1|
|2021|    7|      18690|      2|
|2021|    8|      18398|      3|
|2022|    5|      20467|      1|
|2022|   10|      20335|      2|
|2022|    6|      20273|      3|
|2023|   10|      20122|      1|
|2023|    8|      20082|      2|
|2023|    1|      19970|      3|
|2024|    1|      18926|      1|
|2024|    2|      17394|      2|
|2024|    3|      16293|      3|
|2025|    2|         44|      1|
|2025|    1|         26|      2|
|2025|    3|         24|      3|
+----+-----+-----------+-------+

QUERY_ELAPSED_SECONDS=105.477
Saved to: hdfs://hdfs-namenode.default.svc.cluster.local:9000/user/anastasioskanellos/SQLQ2_spark-66802479b7304fc597fbd3da159a0efb
  Elapsed: 105.477s
--- Run 3/3 ---
  ERROR: could not get pod name — VPN may have dropped. Skipping run.
26/06/28 22:35:47 WARN Utils: Your hostname, tasoskanellos-Legion-Pro-7-16IAX10H resolves to a loopback address: 127.0.1.1; using 192.168.2.9 instead (on interface wlp130s0f0)
26/06/28 22:35:47 WARN Utils: Set SPARK_LOCAL_IP if you need to bind to another address
26/06/28 22:35:47 WARN NativeCodeLoader: Unable to load native-hadoop library for your platform... using builtin-java classes where applicable
26/06/28 22:35:47 INFO SparkKubernetesClientFactory: Auto-configuring K8S client using current context from users K8S config file
26/06/28 22:35:47 INFO KerberosConfDriverFeatureStep: You have not specified a krb5.conf file locally or via a ConfigMap. Make sure that you have the krb5.conf locally on the driver image.
26/06/28 22:35:47 WARN FileSystem: Failed to initialize fileystem hdfs://hdfs-namenode.default.svc.cluster.local:9000/user/anastasioskanellos/.spark-upload: java.lang.IllegalArgumentException: java.net.UnknownHostException: hdfs-namenode.default.svc.cluster.local
Exception in thread "main" org.apache.spark.SparkException: Uploading file /home/tasoskanellos/Documents/dsml/2nd_semester/big_data/lab_session/bigdata-dsml/bigdata-la-pyspark/solutions/SQLQ2.py failed...
	at org.apache.spark.deploy.k8s.KubernetesUtils$.uploadFileUri(KubernetesUtils.scala:327)
	at org.apache.spark.deploy.k8s.KubernetesUtils$.renameMainAppResource(KubernetesUtils.scala:300)
	at org.apache.spark.deploy.k8s.features.DriverCommandFeatureStep.configureForPython(DriverCommandFeatureStep.scala:102)
	at org.apache.spark.deploy.k8s.features.DriverCommandFeatureStep.configurePod(DriverCommandFeatureStep.scala:44)
	at org.apache.spark.deploy.k8s.submit.KubernetesDriverBuilder.$anonfun$buildFromFeatures$5(KubernetesDriverBuilder.scala:85)
	at scala.collection.LinearSeqOptimized.foldLeft(LinearSeqOptimized.scala:126)
	at scala.collection.LinearSeqOptimized.foldLeft$(LinearSeqOptimized.scala:122)
	at scala.collection.immutable.List.foldLeft(List.scala:91)
	at org.apache.spark.deploy.k8s.submit.KubernetesDriverBuilder.buildFromFeatures(KubernetesDriverBuilder.scala:84)
	at org.apache.spark.deploy.k8s.submit.Client.run(KubernetesClientApplication.scala:104)
	at org.apache.spark.deploy.k8s.submit.KubernetesClientApplication.$anonfun$run$6(KubernetesClientApplication.scala:256)
	at org.apache.spark.deploy.k8s.submit.KubernetesClientApplication.$anonfun$run$6$adapted(KubernetesClientApplication.scala:250)
	at org.apache.spark.util.SparkErrorUtils.tryWithResource(SparkErrorUtils.scala:48)
	at org.apache.spark.util.SparkErrorUtils.tryWithResource$(SparkErrorUtils.scala:46)
	at org.apache.spark.util.Utils$.tryWithResource(Utils.scala:94)
	at org.apache.spark.deploy.k8s.submit.KubernetesClientApplication.run(KubernetesClientApplication.scala:250)
	at org.apache.spark.deploy.k8s.submit.KubernetesClientApplication.start(KubernetesClientApplication.scala:223)
	at org.apache.spark.deploy.SparkSubmit.org$apache$spark$deploy$SparkSubmit$$runMain(SparkSubmit.scala:1034)
	at org.apache.spark.deploy.SparkSubmit.doRunMain$1(SparkSubmit.scala:199)
	at org.apache.spark.deploy.SparkSubmit.submit(SparkSubmit.scala:222)
	at org.apache.spark.deploy.SparkSubmit.doSubmit(SparkSubmit.scala:91)
	at org.apache.spark.deploy.SparkSubmit$$anon$2.doSubmit(SparkSubmit.scala:1125)
	at org.apache.spark.deploy.SparkSubmit$.main(SparkSubmit.scala:1134)
	at org.apache.spark.deploy.SparkSubmit.main(SparkSubmit.scala)
Caused by: java.lang.IllegalArgumentException: java.net.UnknownHostException: hdfs-namenode.default.svc.cluster.local
	at org.apache.hadoop.security.SecurityUtil.buildTokenService(SecurityUtil.java:466)
	at org.apache.hadoop.hdfs.NameNodeProxiesClient.createProxyWithClientProtocol(NameNodeProxiesClient.java:134)
	at org.apache.hadoop.hdfs.DFSClient.<init>(DFSClient.java:374)
	at org.apache.hadoop.hdfs.DFSClient.<init>(DFSClient.java:308)
	at org.apache.hadoop.hdfs.DistributedFileSystem.initDFSClient(DistributedFileSystem.java:202)
	at org.apache.hadoop.hdfs.DistributedFileSystem.initialize(DistributedFileSystem.java:187)
	at org.apache.hadoop.fs.FileSystem.createFileSystem(FileSystem.java:3469)
	at org.apache.hadoop.fs.FileSystem.access$300(FileSystem.java:174)
	at org.apache.hadoop.fs.FileSystem$Cache.getInternal(FileSystem.java:3574)
	at org.apache.hadoop.fs.FileSystem$Cache.get(FileSystem.java:3521)
	at org.apache.hadoop.fs.FileSystem.get(FileSystem.java:540)
	at org.apache.spark.util.Utils$.getHadoopFileSystem(Utils.scala:1831)
	at org.apache.spark.deploy.k8s.KubernetesUtils$.uploadFileUri(KubernetesUtils.scala:318)
	... 23 more
Caused by: java.net.UnknownHostException: hdfs-namenode.default.svc.cluster.local
	... 36 more
26/06/28 22:35:47 INFO ShutdownHookManager: Shutdown hook called
26/06/28 22:35:47 INFO ShutdownHookManager: Deleting directory /tmp/spark-4adfe70f-8b80-4528-8c7e-0b4f72a3161c
  Run failed, retrying after VPN reconnect...
--- Run 3/3 ---
  Pod: sqlq2-py-a300579f0fbe863b-driver
26/06/28 19:39:38 WARN NativeCodeLoader: Unable to load native-hadoop library for your platform... using builtin-java classes where applicable
26/06/28 19:39:41 INFO SparkContext: Running Spark version 3.5.8
26/06/28 19:39:41 INFO SparkContext: OS info Linux, 6.1.0-48-amd64, amd64
26/06/28 19:39:41 INFO SparkContext: Java version 11.0.29
26/06/28 19:39:41 INFO ResourceUtils: ==============================================================
26/06/28 19:39:41 INFO ResourceUtils: No custom resources configured for spark.driver.
26/06/28 19:39:41 INFO ResourceUtils: ==============================================================
26/06/28 19:39:41 INFO SparkContext: Submitted application: SQLQ2
26/06/28 19:39:41 INFO ResourceProfile: Default ResourceProfile created, executor resources: Map(cores -> name: cores, amount: 1, script: , vendor: , memory -> name: memory, amount: 2048, script: , vendor: , offHeap -> name: offHeap, amount: 0, script: , vendor: ), task resources: Map(cpus -> name: cpus, amount: 1.0)
26/06/28 19:39:41 INFO ResourceProfile: Limiting resource is cpus at 1 tasks per executor
26/06/28 19:39:41 INFO ResourceProfileManager: Added ResourceProfile id: 0
26/06/28 19:39:41 INFO SecurityManager: Changing view acls to: spark,anastasioskanellos
26/06/28 19:39:41 INFO SecurityManager: Changing modify acls to: spark,anastasioskanellos
26/06/28 19:39:41 INFO SecurityManager: Changing view acls groups to: 
26/06/28 19:39:41 INFO SecurityManager: Changing modify acls groups to: 
26/06/28 19:39:41 INFO SecurityManager: SecurityManager: authentication disabled; ui acls disabled; users with view permissions: spark, anastasioskanellos; groups with view permissions: EMPTY; users with modify permissions: spark, anastasioskanellos; groups with modify permissions: EMPTY
26/06/28 19:39:41 INFO Utils: Successfully started service 'sparkDriver' on port 7078.
26/06/28 19:39:41 INFO SparkEnv: Registering MapOutputTracker
26/06/28 19:39:41 INFO SparkEnv: Registering BlockManagerMaster
26/06/28 19:39:41 INFO BlockManagerMasterEndpoint: Using org.apache.spark.storage.DefaultTopologyMapper for getting topology information
26/06/28 19:39:41 INFO BlockManagerMasterEndpoint: BlockManagerMasterEndpoint up
26/06/28 19:39:41 INFO SparkEnv: Registering BlockManagerMasterHeartbeat
26/06/28 19:39:41 INFO DiskBlockManager: Created local directory at /var/data/spark-8baf2174-78c2-42a5-a101-c2f4bb7769ed/blockmgr-bb009401-74b7-4b92-9dba-adc640413c20
26/06/28 19:39:41 INFO MemoryStore: MemoryStore started with capacity 413.9 MiB
26/06/28 19:39:41 INFO SparkEnv: Registering OutputCommitCoordinator
26/06/28 19:39:42 INFO JettyUtils: Start Jetty 0.0.0.0:4040 for SparkUI
26/06/28 19:39:42 INFO Utils: Successfully started service 'SparkUI' on port 4040.
26/06/28 19:39:42 INFO SparkKubernetesClientFactory: Auto-configuring K8S client using current context from users K8S config file
26/06/28 19:39:44 INFO ExecutorPodsAllocator: Going to request 4 executors from Kubernetes for ResourceProfile Id: 0, target: 4, known: 0, sharedSlotFromPendingPods: 2147483647.
26/06/28 19:39:44 INFO ExecutorPodsAllocator: Found 0 reusable PVCs from 0 PVCs
26/06/28 19:39:44 INFO Utils: Successfully started service 'org.apache.spark.network.netty.NettyBlockTransferService' on port 7079.
26/06/28 19:39:44 INFO NettyBlockTransferService: Server created on sqlq2-py-a300579f0fbe863b-driver-svc.anastasioskanellos-priv.svc 10.233.126.90:7079
26/06/28 19:39:44 INFO BlockManager: Using org.apache.spark.storage.RandomBlockReplicationPolicy for block replication policy
26/06/28 19:39:44 INFO BlockManagerMaster: Registering BlockManager BlockManagerId(driver, sqlq2-py-a300579f0fbe863b-driver-svc.anastasioskanellos-priv.svc, 7079, None)
26/06/28 19:39:44 INFO BlockManagerMasterEndpoint: Registering block manager sqlq2-py-a300579f0fbe863b-driver-svc.anastasioskanellos-priv.svc:7079 with 413.9 MiB RAM, BlockManagerId(driver, sqlq2-py-a300579f0fbe863b-driver-svc.anastasioskanellos-priv.svc, 7079, None)
26/06/28 19:39:44 INFO BlockManagerMaster: Registered BlockManager BlockManagerId(driver, sqlq2-py-a300579f0fbe863b-driver-svc.anastasioskanellos-priv.svc, 7079, None)
26/06/28 19:39:44 INFO BlockManager: Initialized BlockManager: BlockManagerId(driver, sqlq2-py-a300579f0fbe863b-driver-svc.anastasioskanellos-priv.svc, 7079, None)
26/06/28 19:39:44 INFO BasicExecutorFeatureStep: Decommissioning not enabled, skipping shutdown script
26/06/28 19:39:45 INFO SingleEventLogFileWriter: Logging events to hdfs://hdfs-namenode.default.svc.cluster.local:9000/user/anastasioskanellos/logs/spark-6c4d01ea457b4f0f8d99652ca3a87878.inprogress
26/06/28 19:39:45 INFO BasicExecutorFeatureStep: Decommissioning not enabled, skipping shutdown script
26/06/28 19:39:45 INFO BasicExecutorFeatureStep: Decommissioning not enabled, skipping shutdown script
26/06/28 19:39:45 INFO BasicExecutorFeatureStep: Decommissioning not enabled, skipping shutdown script
26/06/28 19:39:49 INFO KubernetesClusterSchedulerBackend$KubernetesDriverEndpoint: No executor found for 10.233.98.152:59842
26/06/28 19:39:49 INFO KubernetesClusterSchedulerBackend$KubernetesDriverEndpoint: No executor found for 10.233.98.162:48636
26/06/28 19:39:49 INFO KubernetesClusterSchedulerBackend$KubernetesDriverEndpoint: No executor found for 10.233.124.245:37720
26/06/28 19:39:49 INFO KubernetesClusterSchedulerBackend$KubernetesDriverEndpoint: No executor found for 10.233.126.87:53270
26/06/28 19:39:50 INFO KubernetesClusterSchedulerBackend$KubernetesDriverEndpoint: Registered executor NettyRpcEndpointRef(spark-client://Executor) (10.233.98.152:59858) with ID 1,  ResourceProfileId 0
26/06/28 19:39:50 INFO KubernetesClusterSchedulerBackend$KubernetesDriverEndpoint: Registered executor NettyRpcEndpointRef(spark-client://Executor) (10.233.126.87:53280) with ID 4,  ResourceProfileId 0
26/06/28 19:39:50 INFO KubernetesClusterSchedulerBackend$KubernetesDriverEndpoint: Registered executor NettyRpcEndpointRef(spark-client://Executor) (10.233.98.162:48652) with ID 3,  ResourceProfileId 0
26/06/28 19:39:50 INFO KubernetesClusterSchedulerBackend$KubernetesDriverEndpoint: Registered executor NettyRpcEndpointRef(spark-client://Executor) (10.233.124.245:37724) with ID 2,  ResourceProfileId 0
26/06/28 19:39:50 INFO KubernetesClusterSchedulerBackend: SchedulerBackend is ready for scheduling beginning after reached minRegisteredResourcesRatio: 0.8
26/06/28 19:39:50 INFO BlockManagerMasterEndpoint: Registering block manager 10.233.98.152:43289 with 1048.8 MiB RAM, BlockManagerId(1, 10.233.98.152, 43289, None)
26/06/28 19:39:50 INFO BlockManagerMasterEndpoint: Registering block manager 10.233.126.87:35825 with 1048.8 MiB RAM, BlockManagerId(4, 10.233.126.87, 35825, None)
26/06/28 19:39:50 INFO BlockManagerMasterEndpoint: Registering block manager 10.233.124.245:43191 with 1048.8 MiB RAM, BlockManagerId(2, 10.233.124.245, 43191, None)
26/06/28 19:39:50 INFO BlockManagerMasterEndpoint: Registering block manager 10.233.98.162:39901 with 1048.8 MiB RAM, BlockManagerId(3, 10.233.98.162, 39901, None)
+----+-----+-----------+-------+
|year|month|crime_total|ranking|
+----+-----+-----------+-------+
|2010|    1|      19524|      1|
|2010|    3|      18131|      2|
|2010|    7|      17857|      3|
|2011|    1|      18144|      1|
|2011|    7|      17284|      2|
|2011|   10|      17035|      3|
|2012|    1|      17958|      1|
|2012|    8|      17662|      2|
|2012|    5|      17504|      3|
|2013|    8|      17442|      1|
|2013|    1|      16833|      2|
|2013|    7|      16645|      3|
|2014|   10|      17337|      1|
|2014|    7|      17260|      2|
|2014|   12|      17201|      3|
|2015|    8|      15044|      1|
|2015|   10|      14934|      2|
|2015|    7|      14852|      3|
|2016|   12|      26236|      1|
|2016|   10|      25008|      2|
|2016|    8|      24635|      3|
|2017|   10|      20442|      1|
|2017|    7|      20202|      2|
|2017|    1|      19866|      3|
|2018|    5|      19979|      1|
|2018|    7|      19882|      2|
|2018|    8|      19769|      3|
|2019|    7|      19132|      1|
|2019|    8|      18994|      2|
|2019|    3|      18877|      3|
|2020|    1|      18576|      1|
|2020|    2|      17284|      2|
|2020|    5|      17230|      3|
|2021|   10|      19343|      1|
|2021|    7|      18690|      2|
|2021|    8|      18398|      3|
|2022|    5|      20467|      1|
|2022|   10|      20335|      2|
|2022|    6|      20273|      3|
|2023|   10|      20122|      1|
|2023|    8|      20082|      2|
|2023|    1|      19970|      3|
|2024|    1|      18926|      1|
|2024|    2|      17394|      2|
|2024|    3|      16293|      3|
|2025|    2|         44|      1|
|2025|    1|         26|      2|
|2025|    3|         24|      3|
+----+-----+-----------+-------+

QUERY_ELAPSED_SECONDS=58.276
Saved to: hdfs://hdfs-namenode.default.svc.cluster.local:9000/user/anastasioskanellos/SQLQ2_spark-6c4d01ea457b4f0f8d99652ca3a87878
  Elapsed: 58.276s
  >>> Median: 71.424s
SQL MEDIAN=71.424
