
========== Q3 STRATEGY: broadcast ==========
--- Run 1/4 ---
  ERROR: could not get pod name — VPN may have dropped.
26/06/28 18:10:00 WARN Utils: Your hostname, tasoskanellos-Legion-Pro-7-16IAX10H resolves to a loopback address: 127.0.1.1; using 192.168.2.9 instead (on interface wlp130s0f0)
26/06/28 18:10:00 WARN Utils: Set SPARK_LOCAL_IP if you need to bind to another address
26/06/28 18:10:00 WARN NativeCodeLoader: Unable to load native-hadoop library for your platform... using builtin-java classes where applicable
26/06/28 18:10:00 INFO SparkKubernetesClientFactory: Auto-configuring K8S client using current context from users K8S config file
26/06/28 18:10:01 INFO KerberosConfDriverFeatureStep: You have not specified a krb5.conf file locally or via a ConfigMap. Make sure that you have the krb5.conf locally on the driver image.
26/06/28 18:10:01 WARN FileSystem: Failed to initialize fileystem hdfs://hdfs-namenode.default.svc.cluster.local:9000/user/anastasioskanellos/.spark-upload: java.lang.IllegalArgumentException: java.net.UnknownHostException: hdfs-namenode.default.svc.cluster.local
Exception in thread "main" org.apache.spark.SparkException: Uploading file /home/tasoskanellos/Documents/dsml/2nd_semester/big_data/lab_session/bigdata-dsml/solutions/DFQ3.py failed...
	at org.apache.spark.deploy.k8s.KubernetesUtils$.uploadFileUri(KubernetesUtils.scala:327)
	at org.apache.spark.deploy.k8s.KubernetesUtils$.renameMainAppResource(KubernetesUtils.scala:300)
	at org.apache.spark.deploy.k8s.features.DriverCommandFeatureStep.configureForPython(DriverCommandFeatureStep.scala:102)
	at org.apache.spark.deploy.k8s.features.DriverCommandFeatureStep.configurePod(DriverCommandFeatureStep.scala:44)
	at org.apache.spark.deploy.k8s.submit.KubernetesDriverBuilder.$anonfun$buildFromFeatures$5(KubernetesDriverBuilder.scala:85)
	at scala.collection.LinearSeqOptimized.foldLeft(LinearSeqOptimized.scala:126)
	at scala.collection.LinearSeqOptimized.foldLeft$(LinearSeqOptimized.scala:122)
	at scala.collection.immutable.List.foldLeft(List.scala:91)
	at org.apache.spark.deploy.k8s.submit.KubernetesDriverBuilder.buildFromFeatures(KubernetesDriverBuilder.scala:84)
	at org.apache.spark.deploy.k8s.submit.Client.run(KubernetesClientApplication.scala:104)
	at org.apache.spark.deploy.k8s.submit.KubernetesClientApplication.$anonfun$run$6(KubernetesClientApplication.scala:256)
	at org.apache.spark.deploy.k8s.submit.KubernetesClientApplication.$anonfun$run$6$adapted(KubernetesClientApplication.scala:250)
	at org.apache.spark.util.SparkErrorUtils.tryWithResource(SparkErrorUtils.scala:48)
	at org.apache.spark.util.SparkErrorUtils.tryWithResource$(SparkErrorUtils.scala:46)
	at org.apache.spark.util.Utils$.tryWithResource(Utils.scala:94)
	at org.apache.spark.deploy.k8s.submit.KubernetesClientApplication.run(KubernetesClientApplication.scala:250)
	at org.apache.spark.deploy.k8s.submit.KubernetesClientApplication.start(KubernetesClientApplication.scala:223)
	at org.apache.spark.deploy.SparkSubmit.org$apache$spark$deploy$SparkSubmit$$runMain(SparkSubmit.scala:1034)
	at org.apache.spark.deploy.SparkSubmit.doRunMain$1(SparkSubmit.scala:199)
	at org.apache.spark.deploy.SparkSubmit.submit(SparkSubmit.scala:222)
	at org.apache.spark.deploy.SparkSubmit.doSubmit(SparkSubmit.scala:91)
	at org.apache.spark.deploy.SparkSubmit$$anon$2.doSubmit(SparkSubmit.scala:1125)
	at org.apache.spark.deploy.SparkSubmit$.main(SparkSubmit.scala:1134)
	at org.apache.spark.deploy.SparkSubmit.main(SparkSubmit.scala)
Caused by: java.lang.IllegalArgumentException: java.net.UnknownHostException: hdfs-namenode.default.svc.cluster.local
	at org.apache.hadoop.security.SecurityUtil.buildTokenService(SecurityUtil.java:466)
	at org.apache.hadoop.hdfs.NameNodeProxiesClient.createProxyWithClientProtocol(NameNodeProxiesClient.java:134)
	at org.apache.hadoop.hdfs.DFSClient.<init>(DFSClient.java:374)
	at org.apache.hadoop.hdfs.DFSClient.<init>(DFSClient.java:308)
	at org.apache.hadoop.hdfs.DistributedFileSystem.initDFSClient(DistributedFileSystem.java:202)
	at org.apache.hadoop.hdfs.DistributedFileSystem.initialize(DistributedFileSystem.java:187)
	at org.apache.hadoop.fs.FileSystem.createFileSystem(FileSystem.java:3469)
	at org.apache.hadoop.fs.FileSystem.access$300(FileSystem.java:174)
	at org.apache.hadoop.fs.FileSystem$Cache.getInternal(FileSystem.java:3574)
	at org.apache.hadoop.fs.FileSystem$Cache.get(FileSystem.java:3521)
	at org.apache.hadoop.fs.FileSystem.get(FileSystem.java:540)
	at org.apache.spark.util.Utils$.getHadoopFileSystem(Utils.scala:1831)
	at org.apache.spark.deploy.k8s.KubernetesUtils$.uploadFileUri(KubernetesUtils.scala:318)
	... 23 more
Caused by: java.net.UnknownHostException: hdfs-namenode.default.svc.cluster.local
	... 36 more
26/06/28 18:10:01 INFO ShutdownHookManager: Shutdown hook called
26/06/28 18:10:01 INFO ShutdownHookManager: Deleting directory /tmp/spark-5553a588-375c-4e0a-9dc0-1d6680fda5cd
  Run failed — reconnect VPN then press Enter to retry.
