
========== DataFrame ==========
--- Run 1/3 ---
  Pod: dfq3-py-7cc3a89f089742a8-driver
26/06/27 10:19:24 WARN NativeCodeLoader: Unable to load native-hadoop library for your platform... using builtin-java classes where applicable
26/06/27 10:19:26 INFO SparkContext: Running Spark version 3.5.8
26/06/27 10:19:26 INFO SparkContext: OS info Linux, 6.1.0-48-amd64, amd64
26/06/27 10:19:26 INFO SparkContext: Java version 11.0.29
26/06/27 10:19:26 INFO ResourceUtils: ==============================================================
26/06/27 10:19:26 INFO ResourceUtils: No custom resources configured for spark.driver.
26/06/27 10:19:26 INFO ResourceUtils: ==============================================================
26/06/27 10:19:26 INFO SparkContext: Submitted application: DFQ3
26/06/27 10:19:26 INFO ResourceProfile: Default ResourceProfile created, executor resources: Map(cores -> name: cores, amount: 1, script: , vendor: , memory -> name: memory, amount: 2048, script: , vendor: , offHeap -> name: offHeap, amount: 0, script: , vendor: ), task resources: Map(cpus -> name: cpus, amount: 1.0)
26/06/27 10:19:26 INFO ResourceProfile: Limiting resource is cpus at 1 tasks per executor
26/06/27 10:19:26 INFO ResourceProfileManager: Added ResourceProfile id: 0
26/06/27 10:19:27 INFO SecurityManager: Changing view acls to: spark,anastasioskanellos
26/06/27 10:19:27 INFO SecurityManager: Changing modify acls to: spark,anastasioskanellos
26/06/27 10:19:27 INFO SecurityManager: Changing view acls groups to: 
26/06/27 10:19:27 INFO SecurityManager: Changing modify acls groups to: 
26/06/27 10:19:27 INFO SecurityManager: SecurityManager: authentication disabled; ui acls disabled; users with view permissions: spark, anastasioskanellos; groups with view permissions: EMPTY; users with modify permissions: spark, anastasioskanellos; groups with modify permissions: EMPTY
26/06/27 10:19:27 INFO Utils: Successfully started service 'sparkDriver' on port 7078.
26/06/27 10:19:27 INFO SparkEnv: Registering MapOutputTracker
26/06/27 10:19:27 INFO SparkEnv: Registering BlockManagerMaster
26/06/27 10:19:27 INFO BlockManagerMasterEndpoint: Using org.apache.spark.storage.DefaultTopologyMapper for getting topology information
26/06/27 10:19:27 INFO BlockManagerMasterEndpoint: BlockManagerMasterEndpoint up
26/06/27 10:19:27 INFO SparkEnv: Registering BlockManagerMasterHeartbeat
26/06/27 10:19:27 INFO DiskBlockManager: Created local directory at /var/data/spark-3938fafe-6c64-4f6b-b6a4-5dbf57afaae4/blockmgr-c4d07cb9-629c-4637-a183-3f8f831d8034
26/06/27 10:19:27 INFO MemoryStore: MemoryStore started with capacity 413.9 MiB
26/06/27 10:19:27 INFO SparkEnv: Registering OutputCommitCoordinator
26/06/27 10:19:27 INFO JettyUtils: Start Jetty 0.0.0.0:4040 for SparkUI
26/06/27 10:19:27 INFO Utils: Successfully started service 'SparkUI' on port 4040.
26/06/27 10:19:28 INFO SparkKubernetesClientFactory: Auto-configuring K8S client using current context from users K8S config file
26/06/27 10:19:29 INFO ExecutorPodsAllocator: Going to request 3 executors from Kubernetes for ResourceProfile Id: 0, target: 3, known: 0, sharedSlotFromPendingPods: 2147483647.
26/06/27 10:19:30 INFO ExecutorPodsAllocator: Found 0 reusable PVCs from 0 PVCs
26/06/27 10:19:30 INFO Utils: Successfully started service 'org.apache.spark.network.netty.NettyBlockTransferService' on port 7079.
26/06/27 10:19:30 INFO NettyBlockTransferService: Server created on dfq3-py-7cc3a89f089742a8-driver-svc.anastasioskanellos-priv.svc 10.233.126.125:7079
26/06/27 10:19:30 INFO BlockManager: Using org.apache.spark.storage.RandomBlockReplicationPolicy for block replication policy
26/06/27 10:19:30 INFO BlockManagerMaster: Registering BlockManager BlockManagerId(driver, dfq3-py-7cc3a89f089742a8-driver-svc.anastasioskanellos-priv.svc, 7079, None)
26/06/27 10:19:30 INFO BlockManagerMasterEndpoint: Registering block manager dfq3-py-7cc3a89f089742a8-driver-svc.anastasioskanellos-priv.svc:7079 with 413.9 MiB RAM, BlockManagerId(driver, dfq3-py-7cc3a89f089742a8-driver-svc.anastasioskanellos-priv.svc, 7079, None)
26/06/27 10:19:30 INFO BlockManagerMaster: Registered BlockManager BlockManagerId(driver, dfq3-py-7cc3a89f089742a8-driver-svc.anastasioskanellos-priv.svc, 7079, None)
26/06/27 10:19:30 INFO BlockManager: Initialized BlockManager: BlockManagerId(driver, dfq3-py-7cc3a89f089742a8-driver-svc.anastasioskanellos-priv.svc, 7079, None)
26/06/27 10:19:30 INFO BasicExecutorFeatureStep: Decommissioning not enabled, skipping shutdown script
26/06/27 10:19:30 INFO BasicExecutorFeatureStep: Decommissioning not enabled, skipping shutdown script
26/06/27 10:19:30 INFO SingleEventLogFileWriter: Logging events to hdfs://hdfs-namenode.default.svc.cluster.local:9000/user/anastasioskanellos/logs/spark-1ae1e8c2fa134b16a6f405f4c4faa87d.inprogress
26/06/27 10:19:30 INFO BasicExecutorFeatureStep: Decommissioning not enabled, skipping shutdown script
26/06/27 10:19:35 INFO KubernetesClusterSchedulerBackend$KubernetesDriverEndpoint: No executor found for 10.233.101.134:43216
26/06/27 10:19:35 INFO KubernetesClusterSchedulerBackend$KubernetesDriverEndpoint: No executor found for 10.233.124.245:42160
26/06/27 10:19:35 INFO KubernetesClusterSchedulerBackend$KubernetesDriverEndpoint: No executor found for 10.233.126.93:43920
26/06/27 10:19:35 INFO KubernetesClusterSchedulerBackend$KubernetesDriverEndpoint: Registered executor NettyRpcEndpointRef(spark-client://Executor) (10.233.124.245:42176) with ID 1,  ResourceProfileId 0
26/06/27 10:19:35 INFO KubernetesClusterSchedulerBackend$KubernetesDriverEndpoint: Registered executor NettyRpcEndpointRef(spark-client://Executor) (10.233.101.134:43230) with ID 2,  ResourceProfileId 0
26/06/27 10:19:35 INFO KubernetesClusterSchedulerBackend$KubernetesDriverEndpoint: Registered executor NettyRpcEndpointRef(spark-client://Executor) (10.233.126.93:43924) with ID 3,  ResourceProfileId 0
26/06/27 10:19:35 INFO KubernetesClusterSchedulerBackend: SchedulerBackend is ready for scheduling beginning after reached minRegisteredResourcesRatio: 0.8
26/06/27 10:19:35 INFO BlockManagerMasterEndpoint: Registering block manager 10.233.124.245:35775 with 1048.8 MiB RAM, BlockManagerId(1, 10.233.124.245, 35775, None)
26/06/27 10:19:35 INFO BlockManagerMasterEndpoint: Registering block manager 10.233.101.134:45215 with 1048.8 MiB RAM, BlockManagerId(2, 10.233.101.134, 45215, None)
26/06/27 10:19:35 INFO BlockManagerMasterEndpoint: Registering block manager 10.233.126.93:45489 with 1048.8 MiB RAM, BlockManagerId(3, 10.233.126.93, 45489, None)
(zipcode, per_capita_income)
('90001', 13064.66)
('90002', 11321.33)
('90003', 11968.02)
('90004', 23395.03)
('90005', 22134.32)
('90006', 15110.72)
('90007', 12147.48)
('90008', 22584.53)
('90010', 44680.77)
('90011', 11215.39)
('90012', 24123.13)
('90013', 13469.83)
('90014', 22982.67)
('90015', 28338.96)
('90016', 20438.23)
('90017', 24825.97)
('90018', 19335.62)
('90019', 25108.7)
('90020', 24410.93)
('90021', 8426.98)
('90022', 15999.28)
('90023', 13030.14)
('90024', 25234.46)
('90025', 53914.0)
('90026', 30760.76)
('90027', 42059.68)
('90028', 33815.34)
('90029', 21316.09)
('90031', 17952.48)
('90032', 20770.05)
('90033', 14940.38)
('90034', 42321.98)
('90035', 46607.4)
('90036', 47398.82)
('90037', 12857.08)
('90038', 25831.31)
('90039', 44193.57)
('90040', 16148.38)
('90041', 35877.9)
('90042', 31287.94)
('90043', 22561.74)
('90044', 12971.24)
('90045', 50363.93)
('90046', 49225.18)
('90047', 21750.2)
('90048', 61002.95)
('90049', 70800.08)
('90056', 46127.33)
('90057', 16847.65)
('90058', 11036.88)
('90059', 12008.36)
('90061', 13840.57)
('90062', 17092.1)
('90063', 15815.64)
('90064', 50604.35)
('90065', 29691.39)
('90066', 41434.58)
('90067', 89364.14)
('90068', 53703.84)
('90069', 72079.66)
('90077', 86431.08)
('90094', 91532.17)
('90201', 13189.4)
('90210', 71065.89)
('90211', 44515.65)
('90212', 49101.46)
('90220', 17803.98)
('90221', 13871.73)
('90222', 16318.91)
('90230', 40585.6)
('90232', 49102.69)
('90240', 27964.89)
('90241', 25002.44)
('90242', 22774.52)
('90245', 55009.41)
('90247', 23217.34)
('90248', 23726.78)
('90249', 24475.04)
('90250', 23413.8)
('90254', 73474.29)
('90255', 14822.76)
('90260', 24520.93)
('90262', 14605.74)
('90265', 99499.45)
('90266', 71615.29)
('90270', 14562.18)
('90272', 90029.82)
('90274', 73887.64)
('90275', 61979.0)
('90277', 53615.85)
('90278', 53217.07)
('90280', 16154.69)
('90290', 58158.59)
('90291', 60369.03)
('90292', 89605.86)
('90293', 62248.82)
('90301', 19939.94)
('90302', 24860.97)
('90303', 20330.92)
('90304', 13904.61)
('90305', 34255.39)
('90401', 64899.75)
('90402', 67896.68)
('90403', 67914.34)
('90404', 37833.02)
('90405', 53746.44)
('90501', 29274.9)
('90502', 31034.31)
('90503', 41965.53)
('90504', 36400.69)
('90505', 41161.17)
('90601', 30903.11)
('90602', 18505.54)
('90603', 36345.05)
('90604', 27669.92)
('90605', 23262.46)
('90606', 23389.54)
('90631', 32771.94)
('90638', 32491.35)
('90640', 21550.35)
('90650', 23014.87)
('90660', 21835.99)
('90670', 24234.04)
('90701', 24092.82)
('90703', 38080.2)
('90704', 51341.83)
('90706', 22370.6)
('90710', 24825.82)
('90712', 37577.58)
('90713', 38678.86)
('90715', 25053.18)
('90716', 17773.78)
('90717', 34841.1)
('90723', 16721.36)
('90731', 24138.81)
('90732', 44609.87)
('90740', 47739.36)
('90744', 15729.78)
('90745', 26306.71)
('90746', 30806.08)
('90755', 31689.38)
('90802', 36128.02)
('90803', 56710.74)
('90804', 22176.82)
('90805', 17254.23)
('90806', 19066.3)
('90807', 32508.28)
('90808', 44091.54)
('90810', 18632.42)
('90813', 15292.52)
('90814', 42809.37)
('90815', 38659.02)
('91001', 42161.13)
('91006', 39803.35)
('91007', 31828.46)
('91008', 63683.17)
('91010', 29300.28)
('91011', 64746.1)
('91016', 34924.17)
('91020', 24513.87)
('91024', 52871.65)
('91030', 47634.56)
('91040', 36882.31)
('91042', 27969.7)
('91101', 45562.68)
('91103', 26086.09)
('91104', 33292.3)
('91105', 71961.56)
('91106', 40993.78)
('91107', 46773.25)
('91108', 60977.59)
('91201', 23220.23)
('91202', 33606.94)
('91203', 31451.7)
('91204', 25524.61)
('91205', 20095.87)
('91206', 34450.79)
('91207', 42224.53)
('91208', 41458.04)
('91210', 59518.5)
('91214', 41473.93)
('91301', 53957.29)
('91302', 58083.71)
('91303', 24338.53)
('91304', 25680.93)
('91306', 24308.82)
('91307', 43759.8)
('91311', 37762.28)
('91316', 36786.24)
('91321', 25567.17)
('91324', 32808.71)
('91325', 27115.22)
('91326', 46443.98)
('91331', 17174.82)
('91335', 22070.94)
('91340', 17346.28)
('91342', 23205.06)
('91343', 21147.73)
('91344', 34595.54)
('91345', 25119.69)
('91350', 40395.74)
('91351', 29663.36)
('91352', 17889.63)
('91354', 46076.87)
('91355', 42063.53)
('91356', 36853.53)
('91361', 53343.93)
('91362', 47517.49)
('91364', 47242.2)
('91367', 44847.87)
('91381', 50769.51)
('91384', 31164.74)
('91387', 33372.17)
('91390', 45538.78)
('91401', 25503.52)
('91402', 14533.1)
('91403', 51508.94)
('91405', 19006.71)
('91406', 23078.8)
('91411', 26827.34)
('91423', 48314.0)
('91436', 63152.96)
('91501', 32805.55)
('91502', 25135.45)
('91504', 33770.65)
('91505', 42013.49)
('91506', 34774.88)
('91601', 30506.92)
('91602', 44987.21)
('91604', 62141.52)
('91605', 17485.23)
('91606', 20809.44)
('91607', 38277.31)
('91702', 21572.49)
('91706', 18407.23)
('91711', 38484.32)
('91722', 26338.63)
('91723', 26446.98)
('91724', 30466.77)
('91731', 15685.01)
('91732', 15606.63)
('91733', 15373.3)
('91740', 31765.18)
('91741', 41564.79)
('91744', 19476.65)
('91745', 29787.23)
('91746', 19398.22)
('91748', 24579.79)
('91750', 37037.3)
('91754', 26300.68)
('91755', 22319.21)
('91759', 86572.22)
('91765', 34282.52)
('91766', 18840.06)
('91767', 21443.97)
('91768', 16334.39)
('91770', 19078.69)
('91773', 37552.83)
('91775', 35570.71)
('91776', 23507.1)
('91780', 29927.58)
('91789', 38210.72)
('91790', 28518.64)
('91791', 29988.11)
('91792', 28085.01)
('91801', 28835.21)
('91803', 25589.72)
('93510', 42505.84)
('93532', 40093.84)
('93534', 17657.4)
('93535', 15187.63)
('93536', 29402.26)
('93543', 17955.83)
('93544', 39507.86)
('93550', 16356.31)
('93551', 31703.13)
('93552', 18994.63)
('93553', 25217.1)
('93563', 51545.45)
('93591', 15874.68)
QUERY_ELAPSED_SECONDS=62.245
Saved to: hdfs://hdfs-namenode.default.svc.cluster.local:9000/user/anastasioskanellos/DFQ3_spark-1ae1e8c2fa134b16a6f405f4c4faa87d
  Elapsed: 62.245s
--- Run 2/3 ---
  ERROR: could not get pod name — VPN may have dropped. Skipping run.
26/06/27 13:21:08 WARN Utils: Your hostname, tasoskanellos-Legion-Pro-7-16IAX10H resolves to a loopback address: 127.0.1.1; using 192.168.2.9 instead (on interface wlp130s0f0)
26/06/27 13:21:08 WARN Utils: Set SPARK_LOCAL_IP if you need to bind to another address
26/06/27 13:21:08 WARN NativeCodeLoader: Unable to load native-hadoop library for your platform... using builtin-java classes where applicable
26/06/27 13:21:08 INFO SparkKubernetesClientFactory: Auto-configuring K8S client using current context from users K8S config file
26/06/27 13:21:09 INFO KerberosConfDriverFeatureStep: You have not specified a krb5.conf file locally or via a ConfigMap. Make sure that you have the krb5.conf locally on the driver image.
26/06/27 13:21:09 WARN FileSystem: Failed to initialize fileystem hdfs://hdfs-namenode.default.svc.cluster.local:9000/user/anastasioskanellos/.spark-upload: java.lang.IllegalArgumentException: java.net.UnknownHostException: hdfs-namenode.default.svc.cluster.local
Exception in thread "main" org.apache.spark.SparkException: Uploading file /home/tasoskanellos/Documents/dsml/2nd_semester/big_data/lab_session/bigdata-dsml/solutions/DFQ3.py failed...
	at org.apache.spark.deploy.k8s.KubernetesUtils$.uploadFileUri(KubernetesUtils.scala:327)
	at org.apache.spark.deploy.k8s.KubernetesUtils$.renameMainAppResource(KubernetesUtils.scala:300)
	at org.apache.spark.deploy.k8s.features.DriverCommandFeatureStep.configureForPython(DriverCommandFeatureStep.scala:102)
	at org.apache.spark.deploy.k8s.features.DriverCommandFeatureStep.configurePod(DriverCommandFeatureStep.scala:44)
	at org.apache.spark.deploy.k8s.submit.KubernetesDriverBuilder.$anonfun$buildFromFeatures$5(KubernetesDriverBuilder.scala:85)
	at scala.collection.LinearSeqOptimized.foldLeft(LinearSeqOptimized.scala:126)
	at scala.collection.LinearSeqOptimized.foldLeft$(LinearSeqOptimized.scala:122)
	at scala.collection.immutable.List.foldLeft(List.scala:91)
	at org.apache.spark.deploy.k8s.submit.KubernetesDriverBuilder.buildFromFeatures(KubernetesDriverBuilder.scala:84)
	at org.apache.spark.deploy.k8s.submit.Client.run(KubernetesClientApplication.scala:104)
	at org.apache.spark.deploy.k8s.submit.KubernetesClientApplication.$anonfun$run$6(KubernetesClientApplication.scala:256)
	at org.apache.spark.deploy.k8s.submit.KubernetesClientApplication.$anonfun$run$6$adapted(KubernetesClientApplication.scala:250)
	at org.apache.spark.util.SparkErrorUtils.tryWithResource(SparkErrorUtils.scala:48)
	at org.apache.spark.util.SparkErrorUtils.tryWithResource$(SparkErrorUtils.scala:46)
	at org.apache.spark.util.Utils$.tryWithResource(Utils.scala:94)
	at org.apache.spark.deploy.k8s.submit.KubernetesClientApplication.run(KubernetesClientApplication.scala:250)
	at org.apache.spark.deploy.k8s.submit.KubernetesClientApplication.start(KubernetesClientApplication.scala:223)
	at org.apache.spark.deploy.SparkSubmit.org$apache$spark$deploy$SparkSubmit$$runMain(SparkSubmit.scala:1034)
	at org.apache.spark.deploy.SparkSubmit.doRunMain$1(SparkSubmit.scala:199)
	at org.apache.spark.deploy.SparkSubmit.submit(SparkSubmit.scala:222)
	at org.apache.spark.deploy.SparkSubmit.doSubmit(SparkSubmit.scala:91)
	at org.apache.spark.deploy.SparkSubmit$$anon$2.doSubmit(SparkSubmit.scala:1125)
	at org.apache.spark.deploy.SparkSubmit$.main(SparkSubmit.scala:1134)
	at org.apache.spark.deploy.SparkSubmit.main(SparkSubmit.scala)
Caused by: java.lang.IllegalArgumentException: java.net.UnknownHostException: hdfs-namenode.default.svc.cluster.local
	at org.apache.hadoop.security.SecurityUtil.buildTokenService(SecurityUtil.java:466)
	at org.apache.hadoop.hdfs.NameNodeProxiesClient.createProxyWithClientProtocol(NameNodeProxiesClient.java:134)
	at org.apache.hadoop.hdfs.DFSClient.<init>(DFSClient.java:374)
	at org.apache.hadoop.hdfs.DFSClient.<init>(DFSClient.java:308)
	at org.apache.hadoop.hdfs.DistributedFileSystem.initDFSClient(DistributedFileSystem.java:202)
	at org.apache.hadoop.hdfs.DistributedFileSystem.initialize(DistributedFileSystem.java:187)
	at org.apache.hadoop.fs.FileSystem.createFileSystem(FileSystem.java:3469)
	at org.apache.hadoop.fs.FileSystem.access$300(FileSystem.java:174)
	at org.apache.hadoop.fs.FileSystem$Cache.getInternal(FileSystem.java:3574)
	at org.apache.hadoop.fs.FileSystem$Cache.get(FileSystem.java:3521)
	at org.apache.hadoop.fs.FileSystem.get(FileSystem.java:540)
	at org.apache.spark.util.Utils$.getHadoopFileSystem(Utils.scala:1831)
	at org.apache.spark.deploy.k8s.KubernetesUtils$.uploadFileUri(KubernetesUtils.scala:318)
	... 23 more
Caused by: java.net.UnknownHostException: hdfs-namenode.default.svc.cluster.local
	... 36 more
26/06/27 13:21:09 INFO ShutdownHookManager: Shutdown hook called
26/06/27 13:21:09 INFO ShutdownHookManager: Deleting directory /tmp/spark-0bd3eb09-531d-4fec-b8d7-1363983718f4
  Run failed, retrying after VPN reconnect...
--- Run 2/3 ---
  Pod: dfq3-py-8f40059f089b9dc8-driver
26/06/27 10:24:10 WARN NativeCodeLoader: Unable to load native-hadoop library for your platform... using builtin-java classes where applicable
26/06/27 10:24:12 INFO SparkContext: Running Spark version 3.5.8
26/06/27 10:24:12 INFO SparkContext: OS info Linux, 6.1.0-48-amd64, amd64
26/06/27 10:24:12 INFO SparkContext: Java version 11.0.29
26/06/27 10:24:12 INFO ResourceUtils: ==============================================================
26/06/27 10:24:12 INFO ResourceUtils: No custom resources configured for spark.driver.
26/06/27 10:24:12 INFO ResourceUtils: ==============================================================
26/06/27 10:24:12 INFO SparkContext: Submitted application: DFQ3
26/06/27 10:24:13 INFO ResourceProfile: Default ResourceProfile created, executor resources: Map(cores -> name: cores, amount: 1, script: , vendor: , memory -> name: memory, amount: 2048, script: , vendor: , offHeap -> name: offHeap, amount: 0, script: , vendor: ), task resources: Map(cpus -> name: cpus, amount: 1.0)
26/06/27 10:24:13 INFO ResourceProfile: Limiting resource is cpus at 1 tasks per executor
26/06/27 10:24:13 INFO ResourceProfileManager: Added ResourceProfile id: 0
26/06/27 10:24:13 INFO SecurityManager: Changing view acls to: spark,anastasioskanellos
26/06/27 10:24:13 INFO SecurityManager: Changing modify acls to: spark,anastasioskanellos
26/06/27 10:24:13 INFO SecurityManager: Changing view acls groups to: 
26/06/27 10:24:13 INFO SecurityManager: Changing modify acls groups to: 
26/06/27 10:24:13 INFO SecurityManager: SecurityManager: authentication disabled; ui acls disabled; users with view permissions: spark, anastasioskanellos; groups with view permissions: EMPTY; users with modify permissions: spark, anastasioskanellos; groups with modify permissions: EMPTY
26/06/27 10:24:13 INFO Utils: Successfully started service 'sparkDriver' on port 7078.
26/06/27 10:24:13 INFO SparkEnv: Registering MapOutputTracker
26/06/27 10:24:13 INFO SparkEnv: Registering BlockManagerMaster
26/06/27 10:24:13 INFO BlockManagerMasterEndpoint: Using org.apache.spark.storage.DefaultTopologyMapper for getting topology information
26/06/27 10:24:13 INFO BlockManagerMasterEndpoint: BlockManagerMasterEndpoint up
26/06/27 10:24:13 INFO SparkEnv: Registering BlockManagerMasterHeartbeat
26/06/27 10:24:13 INFO DiskBlockManager: Created local directory at /var/data/spark-af5b87fc-b794-49fa-834f-b5bcd790923b/blockmgr-3c963cab-cd47-4cc9-a97f-b0889de97b57
26/06/27 10:24:13 INFO MemoryStore: MemoryStore started with capacity 413.9 MiB
26/06/27 10:24:13 INFO SparkEnv: Registering OutputCommitCoordinator
26/06/27 10:24:13 INFO JettyUtils: Start Jetty 0.0.0.0:4040 for SparkUI
26/06/27 10:24:14 INFO Utils: Successfully started service 'SparkUI' on port 4040.
26/06/27 10:24:14 INFO SparkKubernetesClientFactory: Auto-configuring K8S client using current context from users K8S config file
26/06/27 10:24:15 INFO ExecutorPodsAllocator: Going to request 3 executors from Kubernetes for ResourceProfile Id: 0, target: 3, known: 0, sharedSlotFromPendingPods: 2147483647.
26/06/27 10:24:16 INFO ExecutorPodsAllocator: Found 0 reusable PVCs from 0 PVCs
26/06/27 10:24:16 INFO Utils: Successfully started service 'org.apache.spark.network.netty.NettyBlockTransferService' on port 7079.
26/06/27 10:24:16 INFO NettyBlockTransferService: Server created on dfq3-py-8f40059f089b9dc8-driver-svc.anastasioskanellos-priv.svc 10.233.126.121:7079
26/06/27 10:24:16 INFO BlockManager: Using org.apache.spark.storage.RandomBlockReplicationPolicy for block replication policy
26/06/27 10:24:16 INFO BlockManagerMaster: Registering BlockManager BlockManagerId(driver, dfq3-py-8f40059f089b9dc8-driver-svc.anastasioskanellos-priv.svc, 7079, None)
26/06/27 10:24:16 INFO BlockManagerMasterEndpoint: Registering block manager dfq3-py-8f40059f089b9dc8-driver-svc.anastasioskanellos-priv.svc:7079 with 413.9 MiB RAM, BlockManagerId(driver, dfq3-py-8f40059f089b9dc8-driver-svc.anastasioskanellos-priv.svc, 7079, None)
26/06/27 10:24:16 INFO BlockManagerMaster: Registered BlockManager BlockManagerId(driver, dfq3-py-8f40059f089b9dc8-driver-svc.anastasioskanellos-priv.svc, 7079, None)
26/06/27 10:24:16 INFO BlockManager: Initialized BlockManager: BlockManagerId(driver, dfq3-py-8f40059f089b9dc8-driver-svc.anastasioskanellos-priv.svc, 7079, None)
26/06/27 10:24:16 INFO BasicExecutorFeatureStep: Decommissioning not enabled, skipping shutdown script
26/06/27 10:24:16 INFO SingleEventLogFileWriter: Logging events to hdfs://hdfs-namenode.default.svc.cluster.local:9000/user/anastasioskanellos/logs/spark-fd1f66759abb4714bd5536910d2b5fcd.inprogress
26/06/27 10:24:16 INFO BasicExecutorFeatureStep: Decommissioning not enabled, skipping shutdown script
26/06/27 10:24:16 INFO BasicExecutorFeatureStep: Decommissioning not enabled, skipping shutdown script
26/06/27 10:24:21 INFO KubernetesClusterSchedulerBackend$KubernetesDriverEndpoint: No executor found for 10.233.124.203:38006
26/06/27 10:24:21 INFO KubernetesClusterSchedulerBackend$KubernetesDriverEndpoint: No executor found for 10.233.98.135:52312
26/06/27 10:24:21 INFO KubernetesClusterSchedulerBackend$KubernetesDriverEndpoint: No executor found for 10.233.101.181:38500
26/06/27 10:24:21 INFO KubernetesClusterSchedulerBackend$KubernetesDriverEndpoint: Registered executor NettyRpcEndpointRef(spark-client://Executor) (10.233.101.181:38504) with ID 3,  ResourceProfileId 0
26/06/27 10:24:21 INFO KubernetesClusterSchedulerBackend$KubernetesDriverEndpoint: Registered executor NettyRpcEndpointRef(spark-client://Executor) (10.233.124.203:38010) with ID 1,  ResourceProfileId 0
26/06/27 10:24:21 INFO KubernetesClusterSchedulerBackend$KubernetesDriverEndpoint: Registered executor NettyRpcEndpointRef(spark-client://Executor) (10.233.98.135:52320) with ID 2,  ResourceProfileId 0
26/06/27 10:24:21 INFO KubernetesClusterSchedulerBackend: SchedulerBackend is ready for scheduling beginning after reached minRegisteredResourcesRatio: 0.8
26/06/27 10:24:22 INFO BlockManagerMasterEndpoint: Registering block manager 10.233.101.181:40527 with 1048.8 MiB RAM, BlockManagerId(3, 10.233.101.181, 40527, None)
26/06/27 10:24:22 INFO BlockManagerMasterEndpoint: Registering block manager 10.233.98.135:40397 with 1048.8 MiB RAM, BlockManagerId(2, 10.233.98.135, 40397, None)
26/06/27 10:24:22 INFO BlockManagerMasterEndpoint: Registering block manager 10.233.124.203:44187 with 1048.8 MiB RAM, BlockManagerId(1, 10.233.124.203, 44187, None)
(zipcode, per_capita_income)
('90001', 13064.66)
('90002', 11321.33)
('90003', 11968.02)
('90004', 23395.03)
('90005', 22134.32)
('90006', 15110.72)
('90007', 12147.48)
('90008', 22584.53)
('90010', 44680.77)
('90011', 11215.39)
('90012', 24123.13)
('90013', 13469.83)
('90014', 22982.67)
('90015', 28338.96)
('90016', 20438.23)
('90017', 24825.97)
('90018', 19335.62)
('90019', 25108.7)
('90020', 24410.93)
('90021', 8426.98)
('90022', 15999.28)
('90023', 13030.14)
('90024', 25234.46)
('90025', 53914.0)
('90026', 30760.76)
('90027', 42059.68)
('90028', 33815.34)
('90029', 21316.09)
('90031', 17952.48)
('90032', 20770.05)
('90033', 14940.38)
('90034', 42321.98)
('90035', 46607.4)
('90036', 47398.82)
('90037', 12857.08)
('90038', 25831.31)
('90039', 44193.57)
('90040', 16148.38)
('90041', 35877.9)
('90042', 31287.94)
('90043', 22561.74)
('90044', 12971.24)
('90045', 50363.93)
('90046', 49225.18)
('90047', 21750.2)
('90048', 61002.95)
('90049', 70800.08)
('90056', 46127.33)
('90057', 16847.65)
('90058', 11036.88)
('90059', 12008.36)
('90061', 13840.57)
('90062', 17092.1)
('90063', 15815.64)
('90064', 50604.35)
('90065', 29691.39)
('90066', 41434.58)
('90067', 89364.14)
('90068', 53703.84)
('90069', 72079.66)
('90077', 86431.08)
('90094', 91532.17)
('90201', 13189.4)
('90210', 71065.89)
('90211', 44515.65)
('90212', 49101.46)
('90220', 17803.98)
('90221', 13871.73)
('90222', 16318.91)
('90230', 40585.6)
('90232', 49102.69)
('90240', 27964.89)
('90241', 25002.44)
('90242', 22774.52)
('90245', 55009.41)
('90247', 23217.34)
('90248', 23726.78)
('90249', 24475.04)
('90250', 23413.8)
('90254', 73474.29)
('90255', 14822.76)
('90260', 24520.93)
('90262', 14605.74)
('90265', 99499.45)
('90266', 71615.29)
('90270', 14562.18)
('90272', 90029.82)
('90274', 73887.64)
('90275', 61979.0)
('90277', 53615.85)
('90278', 53217.07)
('90280', 16154.69)
('90290', 58158.59)
('90291', 60369.03)
('90292', 89605.86)
('90293', 62248.82)
('90301', 19939.94)
('90302', 24860.97)
('90303', 20330.92)
('90304', 13904.61)
('90305', 34255.39)
('90401', 64899.75)
('90402', 67896.68)
('90403', 67914.34)
('90404', 37833.02)
('90405', 53746.44)
('90501', 29274.9)
('90502', 31034.31)
('90503', 41965.53)
('90504', 36400.69)
('90505', 41161.17)
('90601', 30903.11)
('90602', 18505.54)
('90603', 36345.05)
('90604', 27669.92)
('90605', 23262.46)
('90606', 23389.54)
('90631', 32771.94)
('90638', 32491.35)
('90640', 21550.35)
('90650', 23014.87)
('90660', 21835.99)
('90670', 24234.04)
('90701', 24092.82)
('90703', 38080.2)
('90704', 51341.83)
('90706', 22370.6)
('90710', 24825.82)
('90712', 37577.58)
('90713', 38678.86)
('90715', 25053.18)
('90716', 17773.78)
('90717', 34841.1)
('90723', 16721.36)
('90731', 24138.81)
('90732', 44609.87)
('90740', 47739.36)
('90744', 15729.78)
('90745', 26306.71)
('90746', 30806.08)
('90755', 31689.38)
('90802', 36128.02)
('90803', 56710.74)
('90804', 22176.82)
('90805', 17254.23)
('90806', 19066.3)
('90807', 32508.28)
('90808', 44091.54)
('90810', 18632.42)
('90813', 15292.52)
('90814', 42809.37)
('90815', 38659.02)
('91001', 42161.13)
('91006', 39803.35)
('91007', 31828.46)
('91008', 63683.17)
('91010', 29300.28)
('91011', 64746.1)
('91016', 34924.17)
('91020', 24513.87)
('91024', 52871.65)
('91030', 47634.56)
('91040', 36882.31)
('91042', 27969.7)
('91101', 45562.68)
('91103', 26086.09)
('91104', 33292.3)
('91105', 71961.56)
('91106', 40993.78)
('91107', 46773.25)
('91108', 60977.59)
('91201', 23220.23)
('91202', 33606.94)
('91203', 31451.7)
('91204', 25524.61)
('91205', 20095.87)
('91206', 34450.79)
('91207', 42224.53)
('91208', 41458.04)
('91210', 59518.5)
('91214', 41473.93)
('91301', 53957.29)
('91302', 58083.71)
('91303', 24338.53)
('91304', 25680.93)
('91306', 24308.82)
('91307', 43759.8)
('91311', 37762.28)
('91316', 36786.24)
('91321', 25567.17)
('91324', 32808.71)
('91325', 27115.22)
('91326', 46443.98)
('91331', 17174.82)
('91335', 22070.94)
('91340', 17346.28)
('91342', 23205.06)
('91343', 21147.73)
('91344', 34595.54)
('91345', 25119.69)
('91350', 40395.74)
('91351', 29663.36)
('91352', 17889.63)
('91354', 46076.87)
('91355', 42063.53)
('91356', 36853.53)
('91361', 53343.93)
('91362', 47517.49)
('91364', 47242.2)
('91367', 44847.87)
('91381', 50769.51)
('91384', 31164.74)
('91387', 33372.17)
('91390', 45538.78)
('91401', 25503.52)
('91402', 14533.1)
('91403', 51508.94)
('91405', 19006.71)
('91406', 23078.8)
('91411', 26827.34)
('91423', 48314.0)
('91436', 63152.96)
('91501', 32805.55)
('91502', 25135.45)
('91504', 33770.65)
('91505', 42013.49)
('91506', 34774.88)
('91601', 30506.92)
('91602', 44987.21)
('91604', 62141.52)
('91605', 17485.23)
('91606', 20809.44)
('91607', 38277.31)
('91702', 21572.49)
('91706', 18407.23)
('91711', 38484.32)
('91722', 26338.63)
('91723', 26446.98)
('91724', 30466.77)
('91731', 15685.01)
('91732', 15606.63)
('91733', 15373.3)
('91740', 31765.18)
('91741', 41564.79)
('91744', 19476.65)
('91745', 29787.23)
('91746', 19398.22)
('91748', 24579.79)
('91750', 37037.3)
('91754', 26300.68)
('91755', 22319.21)
('91759', 86572.22)
('91765', 34282.52)
('91766', 18840.06)
('91767', 21443.97)
('91768', 16334.39)
('91770', 19078.69)
('91773', 37552.83)
('91775', 35570.71)
('91776', 23507.1)
('91780', 29927.58)
('91789', 38210.72)
('91790', 28518.64)
('91791', 29988.11)
('91792', 28085.01)
('91801', 28835.21)
('91803', 25589.72)
('93510', 42505.84)
('93532', 40093.84)
('93534', 17657.4)
('93535', 15187.63)
('93536', 29402.26)
('93543', 17955.83)
('93544', 39507.86)
('93550', 16356.31)
('93551', 31703.13)
('93552', 18994.63)
('93553', 25217.1)
('93563', 51545.45)
('93591', 15874.68)
QUERY_ELAPSED_SECONDS=53.596
Saved to: hdfs://hdfs-namenode.default.svc.cluster.local:9000/user/anastasioskanellos/DFQ3_spark-fd1f66759abb4714bd5536910d2b5fcd
  Elapsed: 53.596s
--- Run 3/3 ---
  Pod: dfq3-py-f6c74b9f089d1217-driver
26/06/27 10:25:45 WARN NativeCodeLoader: Unable to load native-hadoop library for your platform... using builtin-java classes where applicable
26/06/27 10:25:47 INFO SparkContext: Running Spark version 3.5.8
26/06/27 10:25:47 INFO SparkContext: OS info Linux, 6.1.0-48-amd64, amd64
26/06/27 10:25:47 INFO SparkContext: Java version 11.0.29
26/06/27 10:25:47 INFO ResourceUtils: ==============================================================
26/06/27 10:25:47 INFO ResourceUtils: No custom resources configured for spark.driver.
26/06/27 10:25:47 INFO ResourceUtils: ==============================================================
26/06/27 10:25:47 INFO SparkContext: Submitted application: DFQ3
26/06/27 10:25:47 INFO ResourceProfile: Default ResourceProfile created, executor resources: Map(cores -> name: cores, amount: 1, script: , vendor: , memory -> name: memory, amount: 2048, script: , vendor: , offHeap -> name: offHeap, amount: 0, script: , vendor: ), task resources: Map(cpus -> name: cpus, amount: 1.0)
26/06/27 10:25:47 INFO ResourceProfile: Limiting resource is cpus at 1 tasks per executor
26/06/27 10:25:47 INFO ResourceProfileManager: Added ResourceProfile id: 0
26/06/27 10:25:47 INFO SecurityManager: Changing view acls to: spark,anastasioskanellos
26/06/27 10:25:47 INFO SecurityManager: Changing modify acls to: spark,anastasioskanellos
26/06/27 10:25:47 INFO SecurityManager: Changing view acls groups to: 
26/06/27 10:25:47 INFO SecurityManager: Changing modify acls groups to: 
26/06/27 10:25:47 INFO SecurityManager: SecurityManager: authentication disabled; ui acls disabled; users with view permissions: spark, anastasioskanellos; groups with view permissions: EMPTY; users with modify permissions: spark, anastasioskanellos; groups with modify permissions: EMPTY
26/06/27 10:25:48 INFO Utils: Successfully started service 'sparkDriver' on port 7078.
26/06/27 10:25:48 INFO SparkEnv: Registering MapOutputTracker
26/06/27 10:25:48 INFO SparkEnv: Registering BlockManagerMaster
26/06/27 10:25:48 INFO BlockManagerMasterEndpoint: Using org.apache.spark.storage.DefaultTopologyMapper for getting topology information
26/06/27 10:25:48 INFO BlockManagerMasterEndpoint: BlockManagerMasterEndpoint up
26/06/27 10:25:48 INFO SparkEnv: Registering BlockManagerMasterHeartbeat
26/06/27 10:25:48 INFO DiskBlockManager: Created local directory at /var/data/spark-94f9ea25-0e08-4273-a08a-bea5b55bbd55/blockmgr-5f9532fa-309c-4843-8459-e22e899c54d1
26/06/27 10:25:48 INFO MemoryStore: MemoryStore started with capacity 413.9 MiB
26/06/27 10:25:48 INFO SparkEnv: Registering OutputCommitCoordinator
26/06/27 10:25:48 INFO JettyUtils: Start Jetty 0.0.0.0:4040 for SparkUI
26/06/27 10:25:48 INFO Utils: Successfully started service 'SparkUI' on port 4040.
26/06/27 10:25:48 INFO SparkKubernetesClientFactory: Auto-configuring K8S client using current context from users K8S config file
26/06/27 10:25:50 INFO ExecutorPodsAllocator: Going to request 3 executors from Kubernetes for ResourceProfile Id: 0, target: 3, known: 0, sharedSlotFromPendingPods: 2147483647.
26/06/27 10:25:51 INFO ExecutorPodsAllocator: Found 0 reusable PVCs from 0 PVCs
26/06/27 10:25:51 INFO Utils: Successfully started service 'org.apache.spark.network.netty.NettyBlockTransferService' on port 7079.
26/06/27 10:25:51 INFO NettyBlockTransferService: Server created on dfq3-py-f6c74b9f089d1217-driver-svc.anastasioskanellos-priv.svc 10.233.126.81:7079
26/06/27 10:25:51 INFO BlockManager: Using org.apache.spark.storage.RandomBlockReplicationPolicy for block replication policy
26/06/27 10:25:51 INFO BlockManagerMaster: Registering BlockManager BlockManagerId(driver, dfq3-py-f6c74b9f089d1217-driver-svc.anastasioskanellos-priv.svc, 7079, None)
26/06/27 10:25:51 INFO BlockManagerMasterEndpoint: Registering block manager dfq3-py-f6c74b9f089d1217-driver-svc.anastasioskanellos-priv.svc:7079 with 413.9 MiB RAM, BlockManagerId(driver, dfq3-py-f6c74b9f089d1217-driver-svc.anastasioskanellos-priv.svc, 7079, None)
26/06/27 10:25:51 INFO BlockManagerMaster: Registered BlockManager BlockManagerId(driver, dfq3-py-f6c74b9f089d1217-driver-svc.anastasioskanellos-priv.svc, 7079, None)
26/06/27 10:25:51 INFO BlockManager: Initialized BlockManager: BlockManagerId(driver, dfq3-py-f6c74b9f089d1217-driver-svc.anastasioskanellos-priv.svc, 7079, None)
26/06/27 10:25:51 INFO BasicExecutorFeatureStep: Decommissioning not enabled, skipping shutdown script
26/06/27 10:25:51 INFO SingleEventLogFileWriter: Logging events to hdfs://hdfs-namenode.default.svc.cluster.local:9000/user/anastasioskanellos/logs/spark-975b6bc86c0a4892aed03f23f4080920.inprogress
26/06/27 10:25:51 INFO BasicExecutorFeatureStep: Decommissioning not enabled, skipping shutdown script
26/06/27 10:25:51 INFO BasicExecutorFeatureStep: Decommissioning not enabled, skipping shutdown script
26/06/27 10:25:56 INFO KubernetesClusterSchedulerBackend$KubernetesDriverEndpoint: No executor found for 10.233.126.87:52820
26/06/27 10:25:56 INFO KubernetesClusterSchedulerBackend$KubernetesDriverEndpoint: No executor found for 10.233.124.196:54344
26/06/27 10:25:56 INFO KubernetesClusterSchedulerBackend$KubernetesDriverEndpoint: No executor found for 10.233.98.137:59250
26/06/27 10:25:56 INFO KubernetesClusterSchedulerBackend$KubernetesDriverEndpoint: Registered executor NettyRpcEndpointRef(spark-client://Executor) (10.233.126.87:52830) with ID 2,  ResourceProfileId 0
26/06/27 10:25:56 INFO KubernetesClusterSchedulerBackend$KubernetesDriverEndpoint: Registered executor NettyRpcEndpointRef(spark-client://Executor) (10.233.124.196:54354) with ID 1,  ResourceProfileId 0
26/06/27 10:25:56 INFO KubernetesClusterSchedulerBackend$KubernetesDriverEndpoint: Registered executor NettyRpcEndpointRef(spark-client://Executor) (10.233.98.137:59252) with ID 3,  ResourceProfileId 0
26/06/27 10:25:56 INFO KubernetesClusterSchedulerBackend: SchedulerBackend is ready for scheduling beginning after reached minRegisteredResourcesRatio: 0.8
26/06/27 10:25:56 INFO BlockManagerMasterEndpoint: Registering block manager 10.233.126.87:33711 with 1048.8 MiB RAM, BlockManagerId(2, 10.233.126.87, 33711, None)
26/06/27 10:25:56 INFO BlockManagerMasterEndpoint: Registering block manager 10.233.124.196:37119 with 1048.8 MiB RAM, BlockManagerId(1, 10.233.124.196, 37119, None)
26/06/27 10:25:56 INFO BlockManagerMasterEndpoint: Registering block manager 10.233.98.137:46161 with 1048.8 MiB RAM, BlockManagerId(3, 10.233.98.137, 46161, None)
(zipcode, per_capita_income)
('90001', 13064.66)
('90002', 11321.33)
('90003', 11968.02)
('90004', 23395.03)
('90005', 22134.32)
('90006', 15110.72)
('90007', 12147.48)
('90008', 22584.53)
('90010', 44680.77)
('90011', 11215.39)
('90012', 24123.13)
('90013', 13469.83)
('90014', 22982.67)
('90015', 28338.96)
('90016', 20438.23)
('90017', 24825.97)
('90018', 19335.62)
('90019', 25108.7)
('90020', 24410.93)
('90021', 8426.98)
('90022', 15999.28)
('90023', 13030.14)
('90024', 25234.46)
('90025', 53914.0)
('90026', 30760.76)
('90027', 42059.68)
('90028', 33815.34)
('90029', 21316.09)
('90031', 17952.48)
('90032', 20770.05)
('90033', 14940.38)
('90034', 42321.98)
('90035', 46607.4)
('90036', 47398.82)
('90037', 12857.08)
('90038', 25831.31)
('90039', 44193.57)
('90040', 16148.38)
('90041', 35877.9)
('90042', 31287.94)
('90043', 22561.74)
('90044', 12971.24)
('90045', 50363.93)
('90046', 49225.18)
('90047', 21750.2)
('90048', 61002.95)
('90049', 70800.08)
('90056', 46127.33)
('90057', 16847.65)
('90058', 11036.88)
('90059', 12008.36)
('90061', 13840.57)
('90062', 17092.1)
('90063', 15815.64)
('90064', 50604.35)
('90065', 29691.39)
('90066', 41434.58)
('90067', 89364.14)
('90068', 53703.84)
('90069', 72079.66)
('90077', 86431.08)
('90094', 91532.17)
('90201', 13189.4)
('90210', 71065.89)
('90211', 44515.65)
('90212', 49101.46)
('90220', 17803.98)
('90221', 13871.73)
('90222', 16318.91)
('90230', 40585.6)
('90232', 49102.69)
('90240', 27964.89)
('90241', 25002.44)
('90242', 22774.52)
('90245', 55009.41)
('90247', 23217.34)
('90248', 23726.78)
('90249', 24475.04)
('90250', 23413.8)
('90254', 73474.29)
('90255', 14822.76)
('90260', 24520.93)
('90262', 14605.74)
('90265', 99499.45)
('90266', 71615.29)
('90270', 14562.18)
('90272', 90029.82)
('90274', 73887.64)
('90275', 61979.0)
('90277', 53615.85)
('90278', 53217.07)
('90280', 16154.69)
('90290', 58158.59)
('90291', 60369.03)
('90292', 89605.86)
('90293', 62248.82)
('90301', 19939.94)
('90302', 24860.97)
('90303', 20330.92)
('90304', 13904.61)
('90305', 34255.39)
('90401', 64899.75)
('90402', 67896.68)
('90403', 67914.34)
('90404', 37833.02)
('90405', 53746.44)
('90501', 29274.9)
('90502', 31034.31)
('90503', 41965.53)
('90504', 36400.69)
('90505', 41161.17)
('90601', 30903.11)
('90602', 18505.54)
('90603', 36345.05)
('90604', 27669.92)
('90605', 23262.46)
('90606', 23389.54)
('90631', 32771.94)
('90638', 32491.35)
('90640', 21550.35)
('90650', 23014.87)
('90660', 21835.99)
('90670', 24234.04)
('90701', 24092.82)
('90703', 38080.2)
('90704', 51341.83)
('90706', 22370.6)
('90710', 24825.82)
('90712', 37577.58)
('90713', 38678.86)
('90715', 25053.18)
('90716', 17773.78)
('90717', 34841.1)
('90723', 16721.36)
('90731', 24138.81)
('90732', 44609.87)
('90740', 47739.36)
('90744', 15729.78)
('90745', 26306.71)
('90746', 30806.08)
('90755', 31689.38)
('90802', 36128.02)
('90803', 56710.74)
('90804', 22176.82)
('90805', 17254.23)
('90806', 19066.3)
('90807', 32508.28)
('90808', 44091.54)
('90810', 18632.42)
('90813', 15292.52)
('90814', 42809.37)
('90815', 38659.02)
('91001', 42161.13)
('91006', 39803.35)
('91007', 31828.46)
('91008', 63683.17)
('91010', 29300.28)
('91011', 64746.1)
('91016', 34924.17)
('91020', 24513.87)
('91024', 52871.65)
('91030', 47634.56)
('91040', 36882.31)
('91042', 27969.7)
('91101', 45562.68)
('91103', 26086.09)
('91104', 33292.3)
('91105', 71961.56)
('91106', 40993.78)
('91107', 46773.25)
('91108', 60977.59)
('91201', 23220.23)
('91202', 33606.94)
('91203', 31451.7)
('91204', 25524.61)
('91205', 20095.87)
('91206', 34450.79)
('91207', 42224.53)
('91208', 41458.04)
('91210', 59518.5)
('91214', 41473.93)
('91301', 53957.29)
('91302', 58083.71)
('91303', 24338.53)
('91304', 25680.93)
('91306', 24308.82)
('91307', 43759.8)
('91311', 37762.28)
('91316', 36786.24)
('91321', 25567.17)
('91324', 32808.71)
('91325', 27115.22)
('91326', 46443.98)
('91331', 17174.82)
('91335', 22070.94)
('91340', 17346.28)
('91342', 23205.06)
('91343', 21147.73)
('91344', 34595.54)
('91345', 25119.69)
('91350', 40395.74)
('91351', 29663.36)
('91352', 17889.63)
('91354', 46076.87)
('91355', 42063.53)
('91356', 36853.53)
('91361', 53343.93)
('91362', 47517.49)
('91364', 47242.2)
('91367', 44847.87)
('91381', 50769.51)
('91384', 31164.74)
('91387', 33372.17)
('91390', 45538.78)
('91401', 25503.52)
('91402', 14533.1)
('91403', 51508.94)
('91405', 19006.71)
('91406', 23078.8)
('91411', 26827.34)
('91423', 48314.0)
('91436', 63152.96)
('91501', 32805.55)
('91502', 25135.45)
('91504', 33770.65)
('91505', 42013.49)
('91506', 34774.88)
('91601', 30506.92)
('91602', 44987.21)
('91604', 62141.52)
('91605', 17485.23)
('91606', 20809.44)
('91607', 38277.31)
('91702', 21572.49)
('91706', 18407.23)
('91711', 38484.32)
('91722', 26338.63)
('91723', 26446.98)
('91724', 30466.77)
('91731', 15685.01)
('91732', 15606.63)
('91733', 15373.3)
('91740', 31765.18)
('91741', 41564.79)
('91744', 19476.65)
('91745', 29787.23)
('91746', 19398.22)
('91748', 24579.79)
('91750', 37037.3)
('91754', 26300.68)
('91755', 22319.21)
('91759', 86572.22)
('91765', 34282.52)
('91766', 18840.06)
('91767', 21443.97)
('91768', 16334.39)
('91770', 19078.69)
('91773', 37552.83)
('91775', 35570.71)
('91776', 23507.1)
('91780', 29927.58)
('91789', 38210.72)
('91790', 28518.64)
('91791', 29988.11)
('91792', 28085.01)
('91801', 28835.21)
('91803', 25589.72)
('93510', 42505.84)
('93532', 40093.84)
('93534', 17657.4)
('93535', 15187.63)
('93536', 29402.26)
('93543', 17955.83)
('93544', 39507.86)
('93550', 16356.31)
('93551', 31703.13)
('93552', 18994.63)
('93553', 25217.1)
('93563', 51545.45)
('93591', 15874.68)
QUERY_ELAPSED_SECONDS=35.339
Saved to: hdfs://hdfs-namenode.default.svc.cluster.local:9000/user/anastasioskanellos/DFQ3_spark-975b6bc86c0a4892aed03f23f4080920
  Elapsed: 35.339s
  >>> Median: 53.596s
DataFrame MEDIAN=53.596

========== RDD ==========
--- Run 1/3 ---
  ERROR: could not get pod name — VPN may have dropped. Skipping run.
26/06/27 13:26:53 WARN Utils: Your hostname, tasoskanellos-Legion-Pro-7-16IAX10H resolves to a loopback address: 127.0.1.1; using 192.168.2.9 instead (on interface wlp130s0f0)
26/06/27 13:26:53 WARN Utils: Set SPARK_LOCAL_IP if you need to bind to another address
26/06/27 13:26:53 WARN NativeCodeLoader: Unable to load native-hadoop library for your platform... using builtin-java classes where applicable
26/06/27 13:26:53 INFO SparkKubernetesClientFactory: Auto-configuring K8S client using current context from users K8S config file
26/06/27 13:26:54 INFO KerberosConfDriverFeatureStep: You have not specified a krb5.conf file locally or via a ConfigMap. Make sure that you have the krb5.conf locally on the driver image.
26/06/27 13:26:54 WARN FileSystem: Failed to initialize fileystem hdfs://hdfs-namenode.default.svc.cluster.local:9000/user/anastasioskanellos/.spark-upload: java.lang.IllegalArgumentException: java.net.UnknownHostException: hdfs-namenode.default.svc.cluster.local
Exception in thread "main" org.apache.spark.SparkException: Uploading file /home/tasoskanellos/Documents/dsml/2nd_semester/big_data/lab_session/bigdata-dsml/solutions/RddQ3.py failed...
	at org.apache.spark.deploy.k8s.KubernetesUtils$.uploadFileUri(KubernetesUtils.scala:327)
	at org.apache.spark.deploy.k8s.KubernetesUtils$.renameMainAppResource(KubernetesUtils.scala:300)
	at org.apache.spark.deploy.k8s.features.DriverCommandFeatureStep.configureForPython(DriverCommandFeatureStep.scala:102)
	at org.apache.spark.deploy.k8s.features.DriverCommandFeatureStep.configurePod(DriverCommandFeatureStep.scala:44)
	at org.apache.spark.deploy.k8s.submit.KubernetesDriverBuilder.$anonfun$buildFromFeatures$5(KubernetesDriverBuilder.scala:85)
	at scala.collection.LinearSeqOptimized.foldLeft(LinearSeqOptimized.scala:126)
	at scala.collection.LinearSeqOptimized.foldLeft$(LinearSeqOptimized.scala:122)
	at scala.collection.immutable.List.foldLeft(List.scala:91)
	at org.apache.spark.deploy.k8s.submit.KubernetesDriverBuilder.buildFromFeatures(KubernetesDriverBuilder.scala:84)
	at org.apache.spark.deploy.k8s.submit.Client.run(KubernetesClientApplication.scala:104)
	at org.apache.spark.deploy.k8s.submit.KubernetesClientApplication.$anonfun$run$6(KubernetesClientApplication.scala:256)
	at org.apache.spark.deploy.k8s.submit.KubernetesClientApplication.$anonfun$run$6$adapted(KubernetesClientApplication.scala:250)
	at org.apache.spark.util.SparkErrorUtils.tryWithResource(SparkErrorUtils.scala:48)
	at org.apache.spark.util.SparkErrorUtils.tryWithResource$(SparkErrorUtils.scala:46)
	at org.apache.spark.util.Utils$.tryWithResource(Utils.scala:94)
	at org.apache.spark.deploy.k8s.submit.KubernetesClientApplication.run(KubernetesClientApplication.scala:250)
	at org.apache.spark.deploy.k8s.submit.KubernetesClientApplication.start(KubernetesClientApplication.scala:223)
	at org.apache.spark.deploy.SparkSubmit.org$apache$spark$deploy$SparkSubmit$$runMain(SparkSubmit.scala:1034)
	at org.apache.spark.deploy.SparkSubmit.doRunMain$1(SparkSubmit.scala:199)
	at org.apache.spark.deploy.SparkSubmit.submit(SparkSubmit.scala:222)
	at org.apache.spark.deploy.SparkSubmit.doSubmit(SparkSubmit.scala:91)
	at org.apache.spark.deploy.SparkSubmit$$anon$2.doSubmit(SparkSubmit.scala:1125)
	at org.apache.spark.deploy.SparkSubmit$.main(SparkSubmit.scala:1134)
	at org.apache.spark.deploy.SparkSubmit.main(SparkSubmit.scala)
Caused by: java.lang.IllegalArgumentException: java.net.UnknownHostException: hdfs-namenode.default.svc.cluster.local
	at org.apache.hadoop.security.SecurityUtil.buildTokenService(SecurityUtil.java:466)
	at org.apache.hadoop.hdfs.NameNodeProxiesClient.createProxyWithClientProtocol(NameNodeProxiesClient.java:134)
	at org.apache.hadoop.hdfs.DFSClient.<init>(DFSClient.java:374)
	at org.apache.hadoop.hdfs.DFSClient.<init>(DFSClient.java:308)
	at org.apache.hadoop.hdfs.DistributedFileSystem.initDFSClient(DistributedFileSystem.java:202)
	at org.apache.hadoop.hdfs.DistributedFileSystem.initialize(DistributedFileSystem.java:187)
	at org.apache.hadoop.fs.FileSystem.createFileSystem(FileSystem.java:3469)
	at org.apache.hadoop.fs.FileSystem.access$300(FileSystem.java:174)
	at org.apache.hadoop.fs.FileSystem$Cache.getInternal(FileSystem.java:3574)
	at org.apache.hadoop.fs.FileSystem$Cache.get(FileSystem.java:3521)
	at org.apache.hadoop.fs.FileSystem.get(FileSystem.java:540)
	at org.apache.spark.util.Utils$.getHadoopFileSystem(Utils.scala:1831)
	at org.apache.spark.deploy.k8s.KubernetesUtils$.uploadFileUri(KubernetesUtils.scala:318)
	... 23 more
Caused by: java.net.UnknownHostException: hdfs-namenode.default.svc.cluster.local
	... 36 more
26/06/27 13:26:54 INFO ShutdownHookManager: Shutdown hook called
26/06/27 13:26:54 INFO ShutdownHookManager: Deleting directory /tmp/spark-c299e68b-8b82-4485-8e5d-f704f2278c6c
  Run failed, retrying after VPN reconnect...
--- Run 1/3 ---
  Pod: rddq3-py-ea5b369f089e5a30-driver
26/06/27 10:27:09 WARN NativeCodeLoader: Unable to load native-hadoop library for your platform... using builtin-java classes where applicable
26/06/27 10:27:11 INFO SparkContext: Running Spark version 3.5.8
26/06/27 10:27:11 INFO SparkContext: OS info Linux, 6.1.0-48-amd64, amd64
26/06/27 10:27:11 INFO SparkContext: Java version 11.0.29
26/06/27 10:27:11 INFO ResourceUtils: ==============================================================
26/06/27 10:27:11 INFO ResourceUtils: No custom resources configured for spark.driver.
26/06/27 10:27:11 INFO ResourceUtils: ==============================================================
26/06/27 10:27:11 INFO SparkContext: Submitted application: RddQ3
26/06/27 10:27:11 INFO ResourceProfile: Default ResourceProfile created, executor resources: Map(cores -> name: cores, amount: 1, script: , vendor: , memory -> name: memory, amount: 2048, script: , vendor: , offHeap -> name: offHeap, amount: 0, script: , vendor: ), task resources: Map(cpus -> name: cpus, amount: 1.0)
26/06/27 10:27:11 INFO ResourceProfile: Limiting resource is cpus at 1 tasks per executor
26/06/27 10:27:11 INFO ResourceProfileManager: Added ResourceProfile id: 0
26/06/27 10:27:11 INFO SecurityManager: Changing view acls to: spark,anastasioskanellos
26/06/27 10:27:11 INFO SecurityManager: Changing modify acls to: spark,anastasioskanellos
26/06/27 10:27:11 INFO SecurityManager: Changing view acls groups to: 
26/06/27 10:27:11 INFO SecurityManager: Changing modify acls groups to: 
26/06/27 10:27:11 INFO SecurityManager: SecurityManager: authentication disabled; ui acls disabled; users with view permissions: spark, anastasioskanellos; groups with view permissions: EMPTY; users with modify permissions: spark, anastasioskanellos; groups with modify permissions: EMPTY
26/06/27 10:27:12 INFO Utils: Successfully started service 'sparkDriver' on port 7078.
26/06/27 10:27:12 INFO SparkEnv: Registering MapOutputTracker
26/06/27 10:27:12 INFO SparkEnv: Registering BlockManagerMaster
26/06/27 10:27:12 INFO BlockManagerMasterEndpoint: Using org.apache.spark.storage.DefaultTopologyMapper for getting topology information
26/06/27 10:27:12 INFO BlockManagerMasterEndpoint: BlockManagerMasterEndpoint up
26/06/27 10:27:12 INFO SparkEnv: Registering BlockManagerMasterHeartbeat
26/06/27 10:27:12 INFO DiskBlockManager: Created local directory at /var/data/spark-a43b894b-60cd-4782-bf61-acd242cb7506/blockmgr-17436cd3-e5d8-4f15-8521-b3e44bd279bb
26/06/27 10:27:12 INFO MemoryStore: MemoryStore started with capacity 413.9 MiB
26/06/27 10:27:12 INFO SparkEnv: Registering OutputCommitCoordinator
26/06/27 10:27:12 INFO JettyUtils: Start Jetty 0.0.0.0:4040 for SparkUI
26/06/27 10:27:12 INFO Utils: Successfully started service 'SparkUI' on port 4040.
26/06/27 10:27:12 INFO SparkKubernetesClientFactory: Auto-configuring K8S client using current context from users K8S config file
26/06/27 10:27:14 INFO ExecutorPodsAllocator: Going to request 3 executors from Kubernetes for ResourceProfile Id: 0, target: 3, known: 0, sharedSlotFromPendingPods: 2147483647.
26/06/27 10:27:15 INFO ExecutorPodsAllocator: Found 0 reusable PVCs from 0 PVCs
26/06/27 10:27:15 INFO Utils: Successfully started service 'org.apache.spark.network.netty.NettyBlockTransferService' on port 7079.
26/06/27 10:27:15 INFO NettyBlockTransferService: Server created on rddq3-py-ea5b369f089e5a30-driver-svc.anastasioskanellos-priv.svc 10.233.126.86:7079
26/06/27 10:27:15 INFO BlockManager: Using org.apache.spark.storage.RandomBlockReplicationPolicy for block replication policy
26/06/27 10:27:15 INFO BlockManagerMaster: Registering BlockManager BlockManagerId(driver, rddq3-py-ea5b369f089e5a30-driver-svc.anastasioskanellos-priv.svc, 7079, None)
26/06/27 10:27:15 INFO BlockManagerMasterEndpoint: Registering block manager rddq3-py-ea5b369f089e5a30-driver-svc.anastasioskanellos-priv.svc:7079 with 413.9 MiB RAM, BlockManagerId(driver, rddq3-py-ea5b369f089e5a30-driver-svc.anastasioskanellos-priv.svc, 7079, None)
26/06/27 10:27:15 INFO BlockManagerMaster: Registered BlockManager BlockManagerId(driver, rddq3-py-ea5b369f089e5a30-driver-svc.anastasioskanellos-priv.svc, 7079, None)
26/06/27 10:27:15 INFO BlockManager: Initialized BlockManager: BlockManagerId(driver, rddq3-py-ea5b369f089e5a30-driver-svc.anastasioskanellos-priv.svc, 7079, None)
26/06/27 10:27:15 INFO BasicExecutorFeatureStep: Decommissioning not enabled, skipping shutdown script
26/06/27 10:27:15 INFO SingleEventLogFileWriter: Logging events to hdfs://hdfs-namenode.default.svc.cluster.local:9000/user/anastasioskanellos/logs/spark-8dcef8c3f0c04e588e8ee0fa1105c124.inprogress
26/06/27 10:27:15 INFO BasicExecutorFeatureStep: Decommissioning not enabled, skipping shutdown script
26/06/27 10:27:15 INFO BasicExecutorFeatureStep: Decommissioning not enabled, skipping shutdown script
26/06/27 10:27:19 INFO KubernetesClusterSchedulerBackend$KubernetesDriverEndpoint: No executor found for 10.233.124.208:35808
26/06/27 10:27:19 INFO KubernetesClusterSchedulerBackend$KubernetesDriverEndpoint: No executor found for 10.233.98.181:39148
26/06/27 10:27:20 INFO KubernetesClusterSchedulerBackend$KubernetesDriverEndpoint: No executor found for 10.233.101.171:37930
26/06/27 10:27:20 INFO KubernetesClusterSchedulerBackend$KubernetesDriverEndpoint: Registered executor NettyRpcEndpointRef(spark-client://Executor) (10.233.124.208:35812) with ID 1,  ResourceProfileId 0
26/06/27 10:27:20 INFO KubernetesClusterSchedulerBackend$KubernetesDriverEndpoint: Registered executor NettyRpcEndpointRef(spark-client://Executor) (10.233.98.181:39154) with ID 2,  ResourceProfileId 0
26/06/27 10:27:20 INFO BlockManagerMasterEndpoint: Registering block manager 10.233.124.208:41373 with 1048.8 MiB RAM, BlockManagerId(1, 10.233.124.208, 41373, None)
26/06/27 10:27:20 INFO BlockManagerMasterEndpoint: Registering block manager 10.233.98.181:34999 with 1048.8 MiB RAM, BlockManagerId(2, 10.233.98.181, 34999, None)
26/06/27 10:27:20 INFO KubernetesClusterSchedulerBackend$KubernetesDriverEndpoint: Registered executor NettyRpcEndpointRef(spark-client://Executor) (10.233.101.171:37944) with ID 3,  ResourceProfileId 0
26/06/27 10:27:20 INFO KubernetesClusterSchedulerBackend: SchedulerBackend is ready for scheduling beginning after reached minRegisteredResourcesRatio: 0.8
26/06/27 10:27:20 INFO BlockManagerMasterEndpoint: Registering block manager 10.233.101.171:35153 with 1048.8 MiB RAM, BlockManagerId(3, 10.233.101.171, 35153, None)
QUERY_ELAPSED_SECONDS=27.498
('90001', 13064.66)
('90002', 11321.33)
('90003', 11968.02)
('90004', 23395.03)
('90005', 22134.32)
('90006', 15110.72)
('90007', 12147.48)
('90008', 22584.53)
('90010', 44680.77)
('90011', 11215.39)
('90012', 24123.13)
('90013', 13469.83)
('90014', 22982.67)
('90015', 28338.96)
('90016', 20438.23)
('90017', 24825.97)
('90018', 19335.62)
('90019', 25108.7)
('90020', 24410.93)
('90021', 8426.98)
('90022', 15999.28)
('90023', 13030.14)
('90024', 25234.46)
('90025', 53914.0)
('90026', 30760.76)
('90027', 42059.68)
('90028', 33815.34)
('90029', 21316.09)
('90031', 17952.48)
('90032', 20770.05)
('90033', 14940.38)
('90034', 42321.98)
('90035', 46607.4)
('90036', 47398.82)
('90037', 12857.08)
('90038', 25831.31)
('90039', 44193.57)
('90040', 16148.38)
('90041', 35877.9)
('90042', 31287.94)
('90043', 22561.74)
('90044', 12971.24)
('90045', 50363.93)
('90046', 49225.18)
('90047', 21750.2)
('90048', 61002.95)
('90049', 70800.08)
('90056', 46127.33)
('90057', 16847.65)
('90058', 11036.88)
('90059', 12008.36)
('90061', 13840.57)
('90062', 17092.1)
('90063', 15815.64)
('90064', 50604.35)
('90065', 29691.39)
('90066', 41434.58)
('90067', 89364.14)
('90068', 53703.84)
('90069', 72079.66)
('90077', 86431.08)
('90094', 91532.17)
('90201', 13189.4)
('90210', 71065.89)
('90211', 44515.65)
('90212', 49101.46)
('90220', 17803.98)
('90221', 13871.73)
('90222', 16318.91)
('90230', 40585.6)
('90232', 49102.69)
('90240', 27964.89)
('90241', 25002.44)
('90242', 22774.52)
('90245', 55009.41)
('90247', 23217.34)
('90248', 23726.78)
('90249', 24475.04)
('90250', 23413.8)
('90254', 73474.29)
('90255', 14822.76)
('90260', 24520.93)
('90262', 14605.74)
('90265', 99499.45)
('90266', 71615.29)
('90270', 14562.18)
('90272', 90029.82)
('90274', 73887.64)
('90275', 61979.0)
('90277', 53615.85)
('90278', 53217.07)
('90280', 16154.69)
('90290', 58158.59)
('90291', 60369.03)
('90292', 89605.86)
('90293', 62248.82)
('90301', 19939.94)
('90302', 24860.97)
('90303', 20330.92)
('90304', 13904.61)
('90305', 34255.39)
('90401', 64899.75)
('90402', 67896.68)
('90403', 67914.34)
('90404', 37833.02)
('90405', 53746.44)
('90501', 29274.9)
('90502', 31034.31)
('90503', 41965.53)
('90504', 36400.69)
('90505', 41161.17)
('90601', 30903.11)
('90602', 18505.54)
('90603', 36345.05)
('90604', 27669.92)
('90605', 23262.46)
('90606', 23389.54)
('90631', 32771.94)
('90638', 32491.35)
('90640', 21550.35)
('90650', 23014.87)
('90660', 21835.99)
('90670', 24234.04)
('90701', 24092.82)
('90703', 38080.2)
('90704', 51341.83)
('90706', 22370.6)
('90710', 24825.82)
('90712', 37577.58)
('90713', 38678.86)
('90715', 25053.18)
('90716', 17773.78)
('90717', 34841.1)
('90723', 16721.36)
('90731', 24138.81)
('90732', 44609.87)
('90740', 47739.36)
('90744', 15729.78)
('90745', 26306.71)
('90746', 30806.08)
('90755', 31689.38)
('90802', 36128.02)
('90803', 56710.74)
('90804', 22176.82)
('90805', 17254.23)
('90806', 19066.3)
('90807', 32508.28)
('90808', 44091.54)
('90810', 18632.42)
('90813', 15292.52)
('90814', 42809.37)
('90815', 38659.02)
('91001', 42161.13)
('91006', 39803.35)
('91007', 31828.46)
('91008', 63683.17)
('91010', 29300.28)
('91011', 64746.1)
('91016', 34924.17)
('91020', 24513.87)
('91024', 52871.65)
('91030', 47634.56)
('91040', 36882.31)
('91042', 27969.7)
('91101', 45562.68)
('91103', 26086.09)
('91104', 33292.3)
('91105', 71961.56)
('91106', 40993.78)
('91107', 46773.25)
('91108', 60977.59)
('91201', 23220.23)
('91202', 33606.94)
('91203', 31451.7)
('91204', 25524.61)
('91205', 20095.87)
('91206', 34450.79)
('91207', 42224.53)
('91208', 41458.04)
('91210', 59518.5)
('91214', 41473.93)
('91301', 53957.29)
('91302', 58083.71)
('91303', 24338.53)
('91304', 25680.93)
('91306', 24308.82)
('91307', 43759.8)
('91311', 37762.28)
('91316', 36786.24)
('91321', 25567.17)
('91324', 32808.71)
('91325', 27115.22)
('91326', 46443.98)
('91331', 17174.82)
('91335', 22070.94)
('91340', 17346.28)
('91342', 23205.06)
('91343', 21147.73)
('91344', 34595.54)
('91345', 25119.69)
('91350', 40395.74)
('91351', 29663.36)
('91352', 17889.63)
('91354', 46076.87)
('91355', 42063.53)
('91356', 36853.53)
('91361', 53343.93)
('91362', 47517.49)
('91364', 47242.2)
('91367', 44847.87)
('91381', 50769.51)
('91384', 31164.74)
('91387', 33372.17)
('91390', 45538.78)
('91401', 25503.52)
('91402', 14533.1)
('91403', 51508.94)
('91405', 19006.71)
('91406', 23078.8)
('91411', 26827.34)
('91423', 48314.0)
('91436', 63152.96)
('91501', 32805.55)
('91502', 25135.45)
('91504', 33770.65)
('91505', 42013.49)
('91506', 34774.88)
('91601', 30506.92)
('91602', 44987.21)
('91604', 62141.52)
('91605', 17485.23)
('91606', 20809.44)
('91607', 38277.31)
('91702', 21572.49)
('91706', 18407.23)
('91711', 38484.32)
('91722', 26338.63)
('91723', 26446.98)
('91724', 30466.77)
('91731', 15685.01)
('91732', 15606.63)
('91733', 15373.3)
('91740', 31765.18)
('91741', 41564.79)
('91744', 19476.65)
('91745', 29787.23)
('91746', 19398.22)
('91748', 24579.79)
('91750', 37037.3)
('91754', 26300.68)
('91755', 22319.21)
('91759', 86572.22)
('91765', 34282.52)
('91766', 18840.06)
('91767', 21443.97)
('91768', 16334.39)
('91770', 19078.69)
('91773', 37552.83)
('91775', 35570.71)
('91776', 23507.1)
('91780', 29927.58)
('91789', 38210.72)
('91790', 28518.64)
('91791', 29988.11)
('91792', 28085.01)
('91801', 28835.21)
('91803', 25589.72)
('93510', 42505.84)
('93532', 40093.84)
('93534', 17657.4)
('93535', 15187.63)
('93536', 29402.26)
('93543', 17955.83)
('93544', 39507.86)
('93550', 16356.31)
('93551', 31703.13)
('93552', 18994.63)
('93553', 25217.1)
('93563', 51545.45)
('93591', 15874.68)
Saved to: hdfs://hdfs-namenode.default.svc.cluster.local:9000/user/anastasioskanellos/RddQ3_spark-8dcef8c3f0c04e588e8ee0fa1105c124
  Elapsed: 27.498s
--- Run 2/3 ---
  Pod: rddq3-py-96ed5a9f089f55d6-driver
26/06/27 10:28:13 WARN NativeCodeLoader: Unable to load native-hadoop library for your platform... using builtin-java classes where applicable
26/06/27 10:28:15 INFO SparkContext: Running Spark version 3.5.8
26/06/27 10:28:15 INFO SparkContext: OS info Linux, 6.1.0-48-amd64, amd64
26/06/27 10:28:15 INFO SparkContext: Java version 11.0.29
26/06/27 10:28:15 INFO ResourceUtils: ==============================================================
26/06/27 10:28:15 INFO ResourceUtils: No custom resources configured for spark.driver.
26/06/27 10:28:15 INFO ResourceUtils: ==============================================================
26/06/27 10:28:15 INFO SparkContext: Submitted application: RddQ3
26/06/27 10:28:15 INFO ResourceProfile: Default ResourceProfile created, executor resources: Map(cores -> name: cores, amount: 1, script: , vendor: , memory -> name: memory, amount: 2048, script: , vendor: , offHeap -> name: offHeap, amount: 0, script: , vendor: ), task resources: Map(cpus -> name: cpus, amount: 1.0)
26/06/27 10:28:16 INFO ResourceProfile: Limiting resource is cpus at 1 tasks per executor
26/06/27 10:28:16 INFO ResourceProfileManager: Added ResourceProfile id: 0
26/06/27 10:28:16 INFO SecurityManager: Changing view acls to: spark,anastasioskanellos
26/06/27 10:28:16 INFO SecurityManager: Changing modify acls to: spark,anastasioskanellos
26/06/27 10:28:16 INFO SecurityManager: Changing view acls groups to: 
26/06/27 10:28:16 INFO SecurityManager: Changing modify acls groups to: 
26/06/27 10:28:16 INFO SecurityManager: SecurityManager: authentication disabled; ui acls disabled; users with view permissions: spark, anastasioskanellos; groups with view permissions: EMPTY; users with modify permissions: spark, anastasioskanellos; groups with modify permissions: EMPTY
26/06/27 10:28:16 INFO Utils: Successfully started service 'sparkDriver' on port 7078.
26/06/27 10:28:16 INFO SparkEnv: Registering MapOutputTracker
26/06/27 10:28:16 INFO SparkEnv: Registering BlockManagerMaster
26/06/27 10:28:16 INFO BlockManagerMasterEndpoint: Using org.apache.spark.storage.DefaultTopologyMapper for getting topology information
26/06/27 10:28:16 INFO BlockManagerMasterEndpoint: BlockManagerMasterEndpoint up
26/06/27 10:28:16 INFO SparkEnv: Registering BlockManagerMasterHeartbeat
26/06/27 10:28:16 INFO DiskBlockManager: Created local directory at /var/data/spark-59506249-2763-4841-a145-688ff5696c2c/blockmgr-a657e941-3a5c-4805-adef-998588661f49
26/06/27 10:28:16 INFO MemoryStore: MemoryStore started with capacity 413.9 MiB
26/06/27 10:28:16 INFO SparkEnv: Registering OutputCommitCoordinator
26/06/27 10:28:16 INFO JettyUtils: Start Jetty 0.0.0.0:4040 for SparkUI
26/06/27 10:28:17 INFO Utils: Successfully started service 'SparkUI' on port 4040.
26/06/27 10:28:17 INFO SparkKubernetesClientFactory: Auto-configuring K8S client using current context from users K8S config file
26/06/27 10:28:19 INFO ExecutorPodsAllocator: Going to request 3 executors from Kubernetes for ResourceProfile Id: 0, target: 3, known: 0, sharedSlotFromPendingPods: 2147483647.
26/06/27 10:28:19 INFO ExecutorPodsAllocator: Found 0 reusable PVCs from 0 PVCs
26/06/27 10:28:19 INFO Utils: Successfully started service 'org.apache.spark.network.netty.NettyBlockTransferService' on port 7079.
26/06/27 10:28:19 INFO NettyBlockTransferService: Server created on rddq3-py-96ed5a9f089f55d6-driver-svc.anastasioskanellos-priv.svc 10.233.126.119:7079
26/06/27 10:28:19 INFO BlockManager: Using org.apache.spark.storage.RandomBlockReplicationPolicy for block replication policy
26/06/27 10:28:19 INFO BlockManagerMaster: Registering BlockManager BlockManagerId(driver, rddq3-py-96ed5a9f089f55d6-driver-svc.anastasioskanellos-priv.svc, 7079, None)
26/06/27 10:28:19 INFO BlockManagerMasterEndpoint: Registering block manager rddq3-py-96ed5a9f089f55d6-driver-svc.anastasioskanellos-priv.svc:7079 with 413.9 MiB RAM, BlockManagerId(driver, rddq3-py-96ed5a9f089f55d6-driver-svc.anastasioskanellos-priv.svc, 7079, None)
26/06/27 10:28:19 INFO BlockManagerMaster: Registered BlockManager BlockManagerId(driver, rddq3-py-96ed5a9f089f55d6-driver-svc.anastasioskanellos-priv.svc, 7079, None)
26/06/27 10:28:19 INFO BlockManager: Initialized BlockManager: BlockManagerId(driver, rddq3-py-96ed5a9f089f55d6-driver-svc.anastasioskanellos-priv.svc, 7079, None)
26/06/27 10:28:19 INFO BasicExecutorFeatureStep: Decommissioning not enabled, skipping shutdown script
26/06/27 10:28:19 INFO SingleEventLogFileWriter: Logging events to hdfs://hdfs-namenode.default.svc.cluster.local:9000/user/anastasioskanellos/logs/spark-8189f7c43fe14d8c8d0b00f064cbf829.inprogress
26/06/27 10:28:19 INFO BasicExecutorFeatureStep: Decommissioning not enabled, skipping shutdown script
26/06/27 10:28:19 INFO BasicExecutorFeatureStep: Decommissioning not enabled, skipping shutdown script
26/06/27 10:28:24 INFO KubernetesClusterSchedulerBackend$KubernetesDriverEndpoint: No executor found for 10.233.101.138:57820
26/06/27 10:28:24 INFO KubernetesClusterSchedulerBackend$KubernetesDriverEndpoint: No executor found for 10.233.124.212:33400
26/06/27 10:28:24 INFO KubernetesClusterSchedulerBackend$KubernetesDriverEndpoint: No executor found for 10.233.126.74:37626
26/06/27 10:28:24 INFO KubernetesClusterSchedulerBackend$KubernetesDriverEndpoint: Registered executor NettyRpcEndpointRef(spark-client://Executor) (10.233.124.212:33408) with ID 1,  ResourceProfileId 0
26/06/27 10:28:24 INFO KubernetesClusterSchedulerBackend$KubernetesDriverEndpoint: Registered executor NettyRpcEndpointRef(spark-client://Executor) (10.233.101.138:57832) with ID 3,  ResourceProfileId 0
26/06/27 10:28:25 INFO KubernetesClusterSchedulerBackend$KubernetesDriverEndpoint: Registered executor NettyRpcEndpointRef(spark-client://Executor) (10.233.126.74:37636) with ID 2,  ResourceProfileId 0
26/06/27 10:28:25 INFO BlockManagerMasterEndpoint: Registering block manager 10.233.124.212:35455 with 1048.8 MiB RAM, BlockManagerId(1, 10.233.124.212, 35455, None)
26/06/27 10:28:25 INFO BlockManagerMasterEndpoint: Registering block manager 10.233.101.138:42897 with 1048.8 MiB RAM, BlockManagerId(3, 10.233.101.138, 42897, None)
26/06/27 10:28:25 INFO KubernetesClusterSchedulerBackend: SchedulerBackend is ready for scheduling beginning after reached minRegisteredResourcesRatio: 0.8
26/06/27 10:28:25 INFO BlockManagerMasterEndpoint: Registering block manager 10.233.126.74:46819 with 1048.8 MiB RAM, BlockManagerId(2, 10.233.126.74, 46819, None)
QUERY_ELAPSED_SECONDS=46.429
('90001', 13064.66)
('90002', 11321.33)
('90003', 11968.02)
('90004', 23395.03)
('90005', 22134.32)
('90006', 15110.72)
('90007', 12147.48)
('90008', 22584.53)
('90010', 44680.77)
('90011', 11215.39)
('90012', 24123.13)
('90013', 13469.83)
('90014', 22982.67)
('90015', 28338.96)
('90016', 20438.23)
('90017', 24825.97)
('90018', 19335.62)
('90019', 25108.7)
('90020', 24410.93)
('90021', 8426.98)
('90022', 15999.28)
('90023', 13030.14)
('90024', 25234.46)
('90025', 53914.0)
('90026', 30760.76)
('90027', 42059.68)
('90028', 33815.34)
('90029', 21316.09)
('90031', 17952.48)
('90032', 20770.05)
('90033', 14940.38)
('90034', 42321.98)
('90035', 46607.4)
('90036', 47398.82)
('90037', 12857.08)
('90038', 25831.31)
('90039', 44193.57)
('90040', 16148.38)
('90041', 35877.9)
('90042', 31287.94)
('90043', 22561.74)
('90044', 12971.24)
('90045', 50363.93)
('90046', 49225.18)
('90047', 21750.2)
('90048', 61002.95)
('90049', 70800.08)
('90056', 46127.33)
('90057', 16847.65)
('90058', 11036.88)
('90059', 12008.36)
('90061', 13840.57)
('90062', 17092.1)
('90063', 15815.64)
('90064', 50604.35)
('90065', 29691.39)
('90066', 41434.58)
('90067', 89364.14)
('90068', 53703.84)
('90069', 72079.66)
('90077', 86431.08)
('90094', 91532.17)
('90201', 13189.4)
('90210', 71065.89)
('90211', 44515.65)
('90212', 49101.46)
('90220', 17803.98)
('90221', 13871.73)
('90222', 16318.91)
('90230', 40585.6)
('90232', 49102.69)
('90240', 27964.89)
('90241', 25002.44)
('90242', 22774.52)
('90245', 55009.41)
('90247', 23217.34)
('90248', 23726.78)
('90249', 24475.04)
('90250', 23413.8)
('90254', 73474.29)
('90255', 14822.76)
('90260', 24520.93)
('90262', 14605.74)
('90265', 99499.45)
('90266', 71615.29)
('90270', 14562.18)
('90272', 90029.82)
('90274', 73887.64)
('90275', 61979.0)
('90277', 53615.85)
('90278', 53217.07)
('90280', 16154.69)
('90290', 58158.59)
('90291', 60369.03)
('90292', 89605.86)
('90293', 62248.82)
('90301', 19939.94)
('90302', 24860.97)
('90303', 20330.92)
('90304', 13904.61)
('90305', 34255.39)
('90401', 64899.75)
('90402', 67896.68)
('90403', 67914.34)
('90404', 37833.02)
('90405', 53746.44)
('90501', 29274.9)
('90502', 31034.31)
('90503', 41965.53)
('90504', 36400.69)
('90505', 41161.17)
('90601', 30903.11)
('90602', 18505.54)
('90603', 36345.05)
('90604', 27669.92)
('90605', 23262.46)
('90606', 23389.54)
('90631', 32771.94)
('90638', 32491.35)
('90640', 21550.35)
('90650', 23014.87)
('90660', 21835.99)
('90670', 24234.04)
('90701', 24092.82)
('90703', 38080.2)
('90704', 51341.83)
('90706', 22370.6)
('90710', 24825.82)
('90712', 37577.58)
('90713', 38678.86)
('90715', 25053.18)
('90716', 17773.78)
('90717', 34841.1)
('90723', 16721.36)
('90731', 24138.81)
('90732', 44609.87)
('90740', 47739.36)
('90744', 15729.78)
('90745', 26306.71)
('90746', 30806.08)
('90755', 31689.38)
('90802', 36128.02)
('90803', 56710.74)
('90804', 22176.82)
('90805', 17254.23)
('90806', 19066.3)
('90807', 32508.28)
('90808', 44091.54)
('90810', 18632.42)
('90813', 15292.52)
('90814', 42809.37)
('90815', 38659.02)
('91001', 42161.13)
('91006', 39803.35)
('91007', 31828.46)
('91008', 63683.17)
('91010', 29300.28)
('91011', 64746.1)
('91016', 34924.17)
('91020', 24513.87)
('91024', 52871.65)
('91030', 47634.56)
('91040', 36882.31)
('91042', 27969.7)
('91101', 45562.68)
('91103', 26086.09)
('91104', 33292.3)
('91105', 71961.56)
('91106', 40993.78)
('91107', 46773.25)
('91108', 60977.59)
('91201', 23220.23)
('91202', 33606.94)
('91203', 31451.7)
('91204', 25524.61)
('91205', 20095.87)
('91206', 34450.79)
('91207', 42224.53)
('91208', 41458.04)
('91210', 59518.5)
('91214', 41473.93)
('91301', 53957.29)
('91302', 58083.71)
('91303', 24338.53)
('91304', 25680.93)
('91306', 24308.82)
('91307', 43759.8)
('91311', 37762.28)
('91316', 36786.24)
('91321', 25567.17)
('91324', 32808.71)
('91325', 27115.22)
('91326', 46443.98)
('91331', 17174.82)
('91335', 22070.94)
('91340', 17346.28)
('91342', 23205.06)
('91343', 21147.73)
('91344', 34595.54)
('91345', 25119.69)
('91350', 40395.74)
('91351', 29663.36)
('91352', 17889.63)
('91354', 46076.87)
('91355', 42063.53)
('91356', 36853.53)
('91361', 53343.93)
('91362', 47517.49)
('91364', 47242.2)
('91367', 44847.87)
('91381', 50769.51)
('91384', 31164.74)
('91387', 33372.17)
('91390', 45538.78)
('91401', 25503.52)
('91402', 14533.1)
('91403', 51508.94)
('91405', 19006.71)
('91406', 23078.8)
('91411', 26827.34)
('91423', 48314.0)
('91436', 63152.96)
('91501', 32805.55)
('91502', 25135.45)
('91504', 33770.65)
('91505', 42013.49)
('91506', 34774.88)
('91601', 30506.92)
('91602', 44987.21)
('91604', 62141.52)
('91605', 17485.23)
('91606', 20809.44)
('91607', 38277.31)
('91702', 21572.49)
('91706', 18407.23)
('91711', 38484.32)
('91722', 26338.63)
('91723', 26446.98)
('91724', 30466.77)
('91731', 15685.01)
('91732', 15606.63)
('91733', 15373.3)
('91740', 31765.18)
('91741', 41564.79)
('91744', 19476.65)
('91745', 29787.23)
('91746', 19398.22)
('91748', 24579.79)
('91750', 37037.3)
('91754', 26300.68)
('91755', 22319.21)
('91759', 86572.22)
('91765', 34282.52)
('91766', 18840.06)
('91767', 21443.97)
('91768', 16334.39)
('91770', 19078.69)
('91773', 37552.83)
('91775', 35570.71)
('91776', 23507.1)
('91780', 29927.58)
('91789', 38210.72)
('91790', 28518.64)
('91791', 29988.11)
('91792', 28085.01)
('91801', 28835.21)
('91803', 25589.72)
('93510', 42505.84)
('93532', 40093.84)
('93534', 17657.4)
('93535', 15187.63)
('93536', 29402.26)
('93543', 17955.83)
('93544', 39507.86)
('93550', 16356.31)
('93551', 31703.13)
('93552', 18994.63)
('93553', 25217.1)
('93563', 51545.45)
('93591', 15874.68)
Saved to: hdfs://hdfs-namenode.default.svc.cluster.local:9000/user/anastasioskanellos/RddQ3_spark-8189f7c43fe14d8c8d0b00f064cbf829
  Elapsed: 46.429s
--- Run 3/3 ---
  Pod: rddq3-py-95eec69f08a0ca2a-driver
26/06/27 10:29:49 WARN NativeCodeLoader: Unable to load native-hadoop library for your platform... using builtin-java classes where applicable
26/06/27 10:29:51 INFO SparkContext: Running Spark version 3.5.8
26/06/27 10:29:51 INFO SparkContext: OS info Linux, 6.1.0-48-amd64, amd64
26/06/27 10:29:51 INFO SparkContext: Java version 11.0.29
26/06/27 10:29:51 INFO ResourceUtils: ==============================================================
26/06/27 10:29:51 INFO ResourceUtils: No custom resources configured for spark.driver.
26/06/27 10:29:51 INFO ResourceUtils: ==============================================================
26/06/27 10:29:51 INFO SparkContext: Submitted application: RddQ3
26/06/27 10:29:51 INFO ResourceProfile: Default ResourceProfile created, executor resources: Map(cores -> name: cores, amount: 1, script: , vendor: , memory -> name: memory, amount: 2048, script: , vendor: , offHeap -> name: offHeap, amount: 0, script: , vendor: ), task resources: Map(cpus -> name: cpus, amount: 1.0)
26/06/27 10:29:51 INFO ResourceProfile: Limiting resource is cpus at 1 tasks per executor
26/06/27 10:29:51 INFO ResourceProfileManager: Added ResourceProfile id: 0
26/06/27 10:29:51 INFO SecurityManager: Changing view acls to: spark,anastasioskanellos
26/06/27 10:29:51 INFO SecurityManager: Changing modify acls to: spark,anastasioskanellos
26/06/27 10:29:51 INFO SecurityManager: Changing view acls groups to: 
26/06/27 10:29:51 INFO SecurityManager: Changing modify acls groups to: 
26/06/27 10:29:51 INFO SecurityManager: SecurityManager: authentication disabled; ui acls disabled; users with view permissions: spark, anastasioskanellos; groups with view permissions: EMPTY; users with modify permissions: spark, anastasioskanellos; groups with modify permissions: EMPTY
26/06/27 10:29:52 INFO Utils: Successfully started service 'sparkDriver' on port 7078.
26/06/27 10:29:52 INFO SparkEnv: Registering MapOutputTracker
26/06/27 10:29:52 INFO SparkEnv: Registering BlockManagerMaster
26/06/27 10:29:52 INFO BlockManagerMasterEndpoint: Using org.apache.spark.storage.DefaultTopologyMapper for getting topology information
26/06/27 10:29:52 INFO BlockManagerMasterEndpoint: BlockManagerMasterEndpoint up
26/06/27 10:29:52 INFO SparkEnv: Registering BlockManagerMasterHeartbeat
26/06/27 10:29:52 INFO DiskBlockManager: Created local directory at /var/data/spark-6a747828-29e6-40a5-bfae-aa3c3aa9b2bf/blockmgr-cc15d447-8e8a-4f6f-b14f-8b41bdc95863
26/06/27 10:29:52 INFO MemoryStore: MemoryStore started with capacity 413.9 MiB
26/06/27 10:29:52 INFO SparkEnv: Registering OutputCommitCoordinator
26/06/27 10:29:52 INFO JettyUtils: Start Jetty 0.0.0.0:4040 for SparkUI
26/06/27 10:29:52 INFO Utils: Successfully started service 'SparkUI' on port 4040.
26/06/27 10:29:52 INFO SparkKubernetesClientFactory: Auto-configuring K8S client using current context from users K8S config file
26/06/27 10:29:54 INFO ExecutorPodsAllocator: Going to request 3 executors from Kubernetes for ResourceProfile Id: 0, target: 3, known: 0, sharedSlotFromPendingPods: 2147483647.
26/06/27 10:29:54 INFO ExecutorPodsAllocator: Found 0 reusable PVCs from 0 PVCs
26/06/27 10:29:54 INFO BasicExecutorFeatureStep: Decommissioning not enabled, skipping shutdown script
26/06/27 10:29:55 INFO BasicExecutorFeatureStep: Decommissioning not enabled, skipping shutdown script
26/06/27 10:29:55 INFO BasicExecutorFeatureStep: Decommissioning not enabled, skipping shutdown script
26/06/27 10:29:55 INFO Utils: Successfully started service 'org.apache.spark.network.netty.NettyBlockTransferService' on port 7079.
26/06/27 10:29:55 INFO NettyBlockTransferService: Server created on rddq3-py-95eec69f08a0ca2a-driver-svc.anastasioskanellos-priv.svc 10.233.126.95:7079
26/06/27 10:29:55 INFO BlockManager: Using org.apache.spark.storage.RandomBlockReplicationPolicy for block replication policy
26/06/27 10:29:55 INFO BlockManagerMaster: Registering BlockManager BlockManagerId(driver, rddq3-py-95eec69f08a0ca2a-driver-svc.anastasioskanellos-priv.svc, 7079, None)
26/06/27 10:29:55 INFO BlockManagerMasterEndpoint: Registering block manager rddq3-py-95eec69f08a0ca2a-driver-svc.anastasioskanellos-priv.svc:7079 with 413.9 MiB RAM, BlockManagerId(driver, rddq3-py-95eec69f08a0ca2a-driver-svc.anastasioskanellos-priv.svc, 7079, None)
26/06/27 10:29:55 INFO BlockManagerMaster: Registered BlockManager BlockManagerId(driver, rddq3-py-95eec69f08a0ca2a-driver-svc.anastasioskanellos-priv.svc, 7079, None)
26/06/27 10:29:55 INFO BlockManager: Initialized BlockManager: BlockManagerId(driver, rddq3-py-95eec69f08a0ca2a-driver-svc.anastasioskanellos-priv.svc, 7079, None)
26/06/27 10:29:55 INFO SingleEventLogFileWriter: Logging events to hdfs://hdfs-namenode.default.svc.cluster.local:9000/user/anastasioskanellos/logs/spark-85cf26770b334a9393ffb49dfd427387.inprogress
26/06/27 10:29:59 INFO KubernetesClusterSchedulerBackend$KubernetesDriverEndpoint: No executor found for 10.233.98.179:59436
26/06/27 10:29:59 INFO KubernetesClusterSchedulerBackend$KubernetesDriverEndpoint: No executor found for 10.233.124.232:52234
26/06/27 10:29:59 INFO KubernetesClusterSchedulerBackend$KubernetesDriverEndpoint: No executor found for 10.233.126.104:53544
26/06/27 10:30:00 INFO KubernetesClusterSchedulerBackend$KubernetesDriverEndpoint: Registered executor NettyRpcEndpointRef(spark-client://Executor) (10.233.124.232:52250) with ID 1,  ResourceProfileId 0
26/06/27 10:30:00 INFO KubernetesClusterSchedulerBackend$KubernetesDriverEndpoint: Registered executor NettyRpcEndpointRef(spark-client://Executor) (10.233.98.179:59444) with ID 3,  ResourceProfileId 0
26/06/27 10:30:00 INFO KubernetesClusterSchedulerBackend$KubernetesDriverEndpoint: Registered executor NettyRpcEndpointRef(spark-client://Executor) (10.233.126.104:53548) with ID 2,  ResourceProfileId 0
26/06/27 10:30:00 INFO KubernetesClusterSchedulerBackend: SchedulerBackend is ready for scheduling beginning after reached minRegisteredResourcesRatio: 0.8
26/06/27 10:30:00 INFO BlockManagerMasterEndpoint: Registering block manager 10.233.124.232:35627 with 1048.8 MiB RAM, BlockManagerId(1, 10.233.124.232, 35627, None)
26/06/27 10:30:00 INFO BlockManagerMasterEndpoint: Registering block manager 10.233.98.179:41593 with 1048.8 MiB RAM, BlockManagerId(3, 10.233.98.179, 41593, None)
26/06/27 10:30:00 INFO BlockManagerMasterEndpoint: Registering block manager 10.233.126.104:40625 with 1048.8 MiB RAM, BlockManagerId(2, 10.233.126.104, 40625, None)
QUERY_ELAPSED_SECONDS=28.430
('90001', 13064.66)
('90002', 11321.33)
('90003', 11968.02)
('90004', 23395.03)
('90005', 22134.32)
('90006', 15110.72)
('90007', 12147.48)
('90008', 22584.53)
('90010', 44680.77)
('90011', 11215.39)
('90012', 24123.13)
('90013', 13469.83)
('90014', 22982.67)
('90015', 28338.96)
('90016', 20438.23)
('90017', 24825.97)
('90018', 19335.62)
('90019', 25108.7)
('90020', 24410.93)
('90021', 8426.98)
('90022', 15999.28)
('90023', 13030.14)
('90024', 25234.46)
('90025', 53914.0)
('90026', 30760.76)
('90027', 42059.68)
('90028', 33815.34)
('90029', 21316.09)
('90031', 17952.48)
('90032', 20770.05)
('90033', 14940.38)
('90034', 42321.98)
('90035', 46607.4)
('90036', 47398.82)
('90037', 12857.08)
('90038', 25831.31)
('90039', 44193.57)
('90040', 16148.38)
('90041', 35877.9)
('90042', 31287.94)
('90043', 22561.74)
('90044', 12971.24)
('90045', 50363.93)
('90046', 49225.18)
('90047', 21750.2)
('90048', 61002.95)
('90049', 70800.08)
('90056', 46127.33)
('90057', 16847.65)
('90058', 11036.88)
('90059', 12008.36)
('90061', 13840.57)
('90062', 17092.1)
('90063', 15815.64)
('90064', 50604.35)
('90065', 29691.39)
('90066', 41434.58)
('90067', 89364.14)
('90068', 53703.84)
('90069', 72079.66)
('90077', 86431.08)
('90094', 91532.17)
('90201', 13189.4)
('90210', 71065.89)
('90211', 44515.65)
('90212', 49101.46)
('90220', 17803.98)
('90221', 13871.73)
('90222', 16318.91)
('90230', 40585.6)
('90232', 49102.69)
('90240', 27964.89)
('90241', 25002.44)
('90242', 22774.52)
('90245', 55009.41)
('90247', 23217.34)
('90248', 23726.78)
('90249', 24475.04)
('90250', 23413.8)
('90254', 73474.29)
('90255', 14822.76)
('90260', 24520.93)
('90262', 14605.74)
('90265', 99499.45)
('90266', 71615.29)
('90270', 14562.18)
('90272', 90029.82)
('90274', 73887.64)
('90275', 61979.0)
('90277', 53615.85)
('90278', 53217.07)
('90280', 16154.69)
('90290', 58158.59)
('90291', 60369.03)
('90292', 89605.86)
('90293', 62248.82)
('90301', 19939.94)
('90302', 24860.97)
('90303', 20330.92)
('90304', 13904.61)
('90305', 34255.39)
('90401', 64899.75)
('90402', 67896.68)
('90403', 67914.34)
('90404', 37833.02)
('90405', 53746.44)
('90501', 29274.9)
('90502', 31034.31)
('90503', 41965.53)
('90504', 36400.69)
('90505', 41161.17)
('90601', 30903.11)
('90602', 18505.54)
('90603', 36345.05)
('90604', 27669.92)
('90605', 23262.46)
('90606', 23389.54)
('90631', 32771.94)
('90638', 32491.35)
('90640', 21550.35)
('90650', 23014.87)
('90660', 21835.99)
('90670', 24234.04)
('90701', 24092.82)
('90703', 38080.2)
('90704', 51341.83)
('90706', 22370.6)
('90710', 24825.82)
('90712', 37577.58)
('90713', 38678.86)
('90715', 25053.18)
('90716', 17773.78)
('90717', 34841.1)
('90723', 16721.36)
('90731', 24138.81)
('90732', 44609.87)
('90740', 47739.36)
('90744', 15729.78)
('90745', 26306.71)
('90746', 30806.08)
('90755', 31689.38)
('90802', 36128.02)
('90803', 56710.74)
('90804', 22176.82)
('90805', 17254.23)
('90806', 19066.3)
('90807', 32508.28)
('90808', 44091.54)
('90810', 18632.42)
('90813', 15292.52)
('90814', 42809.37)
('90815', 38659.02)
('91001', 42161.13)
('91006', 39803.35)
('91007', 31828.46)
('91008', 63683.17)
('91010', 29300.28)
('91011', 64746.1)
('91016', 34924.17)
('91020', 24513.87)
('91024', 52871.65)
('91030', 47634.56)
('91040', 36882.31)
('91042', 27969.7)
('91101', 45562.68)
('91103', 26086.09)
('91104', 33292.3)
('91105', 71961.56)
('91106', 40993.78)
('91107', 46773.25)
('91108', 60977.59)
('91201', 23220.23)
('91202', 33606.94)
('91203', 31451.7)
('91204', 25524.61)
('91205', 20095.87)
('91206', 34450.79)
('91207', 42224.53)
('91208', 41458.04)
('91210', 59518.5)
('91214', 41473.93)
('91301', 53957.29)
('91302', 58083.71)
('91303', 24338.53)
('91304', 25680.93)
('91306', 24308.82)
('91307', 43759.8)
('91311', 37762.28)
('91316', 36786.24)
('91321', 25567.17)
('91324', 32808.71)
('91325', 27115.22)
('91326', 46443.98)
('91331', 17174.82)
('91335', 22070.94)
('91340', 17346.28)
('91342', 23205.06)
('91343', 21147.73)
('91344', 34595.54)
('91345', 25119.69)
('91350', 40395.74)
('91351', 29663.36)
('91352', 17889.63)
('91354', 46076.87)
('91355', 42063.53)
('91356', 36853.53)
('91361', 53343.93)
('91362', 47517.49)
('91364', 47242.2)
('91367', 44847.87)
('91381', 50769.51)
('91384', 31164.74)
('91387', 33372.17)
('91390', 45538.78)
('91401', 25503.52)
('91402', 14533.1)
('91403', 51508.94)
('91405', 19006.71)
('91406', 23078.8)
('91411', 26827.34)
('91423', 48314.0)
('91436', 63152.96)
('91501', 32805.55)
('91502', 25135.45)
('91504', 33770.65)
('91505', 42013.49)
('91506', 34774.88)
('91601', 30506.92)
('91602', 44987.21)
('91604', 62141.52)
('91605', 17485.23)
('91606', 20809.44)
('91607', 38277.31)
('91702', 21572.49)
('91706', 18407.23)
('91711', 38484.32)
('91722', 26338.63)
('91723', 26446.98)
('91724', 30466.77)
('91731', 15685.01)
('91732', 15606.63)
('91733', 15373.3)
('91740', 31765.18)
('91741', 41564.79)
('91744', 19476.65)
('91745', 29787.23)
('91746', 19398.22)
('91748', 24579.79)
('91750', 37037.3)
('91754', 26300.68)
('91755', 22319.21)
('91759', 86572.22)
('91765', 34282.52)
('91766', 18840.06)
('91767', 21443.97)
('91768', 16334.39)
('91770', 19078.69)
('91773', 37552.83)
('91775', 35570.71)
('91776', 23507.1)
('91780', 29927.58)
('91789', 38210.72)
('91790', 28518.64)
('91791', 29988.11)
('91792', 28085.01)
('91801', 28835.21)
('91803', 25589.72)
('93510', 42505.84)
('93532', 40093.84)
('93534', 17657.4)
('93535', 15187.63)
('93536', 29402.26)
('93543', 17955.83)
('93544', 39507.86)
('93550', 16356.31)
('93551', 31703.13)
('93552', 18994.63)
('93553', 25217.1)
('93563', 51545.45)
('93591', 15874.68)
Saved to: hdfs://hdfs-namenode.default.svc.cluster.local:9000/user/anastasioskanellos/RddQ3_spark-85cf26770b334a9393ffb49dfd427387
  Elapsed: 28.430s
  >>> Median: 28.430s
RDD MEDIAN=28.430
